2026-03-01 14:53:30 [NOTIFICATION-SERVICE] [error]: ❌ Unable to start server: password authentication failed for user "postgres" {"name":"SequelizeConnectionError","parent":{"length":104,"name":"error","severity":"FATAL","code":"28P01","file":"auth.c","line":"320","routine":"auth_failed"},"original":{"length":104,"name":"error","severity":"FATAL","code":"28P01","file":"auth.c","line":"320","routine":"auth_failed"}}
SequelizeConnectionError: password authentication failed for user "postgres"
    at Client._connectionCallback (E:\Academic\Semester_7\CO528\Mini Project\decp-platform\backend\notification-service\node_modules\sequelize\src\dialects\postgres\connection-manager.js:196:24)
    at Client._handleErrorWhileConnecting (E:\Academic\Semester_7\CO528\Mini Project\decp-platform\backend\notification-service\node_modules\pg\lib\client.js:379:19)
    at Client._handleErrorMessage (E:\Academic\Semester_7\CO528\Mini Project\decp-platform\backend\notification-service\node_modules\pg\lib\client.js:399:19)
    at Connection.emit (node:events:524:28)
    at E:\Academic\Semester_7\CO528\Mini Project\decp-platform\backend\notification-service\node_modules\pg\lib\connection.js:115:12
    at Parser.parse (E:\Academic\Semester_7\CO528\Mini Project\decp-platform\backend\notification-service\node_modules\pg-protocol\src\parser.ts:106:9)
    at Socket.<anonymous> (E:\Academic\Semester_7\CO528\Mini Project\decp-platform\backend\notification-service\node_modules\pg-protocol\src\index.ts:7:48)
    at Socket.emit (node:events:524:28)
    at addChunk (node:internal/streams/readable:561:12)
    at readableAddChunkPushByteMode (node:internal/streams/readable:512:3)
2026-03-01 15:22:18 [NOTIFICATION-SERVICE] [error]: ❌ Unable to start server: password authentication failed for user "postgres" {"name":"SequelizeConnectionError","parent":{"length":104,"name":"error","severity":"FATAL","code":"28P01","file":"auth.c","line":"320","routine":"auth_failed"},"original":{"length":104,"name":"error","severity":"FATAL","code":"28P01","file":"auth.c","line":"320","routine":"auth_failed"}}
SequelizeConnectionError: password authentication failed for user "postgres"
    at Client._connectionCallback (E:\Academic\Semester_7\CO528\Mini Project\decp-platform\backend\notification-service\node_modules\sequelize\src\dialects\postgres\connection-manager.js:196:24)
    at Client._handleErrorWhileConnecting (E:\Academic\Semester_7\CO528\Mini Project\decp-platform\backend\notification-service\node_modules\pg\lib\client.js:379:19)
    at Client._handleErrorMessage (E:\Academic\Semester_7\CO528\Mini Project\decp-platform\backend\notification-service\node_modules\pg\lib\client.js:399:19)
    at Connection.emit (node:events:524:28)
    at E:\Academic\Semester_7\CO528\Mini Project\decp-platform\backend\notification-service\node_modules\pg\lib\connection.js:115:12
    at Parser.parse (E:\Academic\Semester_7\CO528\Mini Project\decp-platform\backend\notification-service\node_modules\pg-protocol\src\parser.ts:106:9)
    at Socket.<anonymous> (E:\Academic\Semester_7\CO528\Mini Project\decp-platform\backend\notification-service\node_modules\pg-protocol\src\index.ts:7:48)
    at Socket.emit (node:events:524:28)
    at addChunk (node:internal/streams/readable:561:12)
    at readableAddChunkPushByteMode (node:internal/streams/readable:512:3)
2026-03-01 15:33:21 [NOTIFICATION-SERVICE] [error]: ❌ Unable to start server: password authentication failed for user "postgres" {"name":"SequelizeConnectionError","parent":{"length":104,"name":"error","severity":"FATAL","code":"28P01","file":"auth.c","line":"320","routine":"auth_failed"},"original":{"length":104,"name":"error","severity":"FATAL","code":"28P01","file":"auth.c","line":"320","routine":"auth_failed"}}
SequelizeConnectionError: password authentication failed for user "postgres"
    at Client._connectionCallback (E:\Academic\Semester_7\CO528\Mini Project\decp-platform\backend\notification-service\node_modules\sequelize\src\dialects\postgres\connection-manager.js:196:24)
    at Client._handleErrorWhileConnecting (E:\Academic\Semester_7\CO528\Mini Project\decp-platform\backend\notification-service\node_modules\pg\lib\client.js:379:19)
    at Client._handleErrorMessage (E:\Academic\Semester_7\CO528\Mini Project\decp-platform\backend\notification-service\node_modules\pg\lib\client.js:399:19)
    at Connection.emit (node:events:524:28)
    at E:\Academic\Semester_7\CO528\Mini Project\decp-platform\backend\notification-service\node_modules\pg\lib\connection.js:115:12
    at Parser.parse (E:\Academic\Semester_7\CO528\Mini Project\decp-platform\backend\notification-service\node_modules\pg-protocol\src\parser.ts:106:9)
    at Socket.<anonymous> (E:\Academic\Semester_7\CO528\Mini Project\decp-platform\backend\notification-service\node_modules\pg-protocol\src\index.ts:7:48)
    at Socket.emit (node:events:524:28)
    at addChunk (node:internal/streams/readable:561:12)
    at readableAddChunkPushByteMode (node:internal/streams/readable:512:3)
2026-03-01 16:49:06 [NOTIFICATION-SERVICE] [info]: ✅ Database connected.
2026-03-01 16:49:06 [NOTIFICATION-SERVICE] [info]: ✅ Database synchronized.
2026-03-01 16:49:06 [NOTIFICATION-SERVICE] [info]: 🔔 Notification Service running on port 3008
2026-03-01 16:51:10 [NOTIFICATION-SERVICE] [info]: ✅ Database connected.
2026-03-01 16:51:10 [NOTIFICATION-SERVICE] [info]: ✅ Database synchronized.
2026-03-01 16:51:10 [NOTIFICATION-SERVICE] [info]: 🔔 Notification Service running on port 3008
2026-03-01 16:59:49 [NOTIFICATION-SERVICE] [info]: ✅ Database connected.
2026-03-01 16:59:50 [NOTIFICATION-SERVICE] [info]: ✅ Database synchronized.
2026-03-01 16:59:50 [NOTIFICATION-SERVICE] [info]: 🔔 Notification Service running on port 3008
2026-03-01 17:31:49 [NOTIFICATION-SERVICE] [info]: ✅ Database connected.
2026-03-01 17:31:49 [NOTIFICATION-SERVICE] [info]: ✅ Database synchronized.
2026-03-01 17:31:49 [NOTIFICATION-SERVICE] [info]: 🔔 Notification Service running on port 3008
2026-03-01 17:45:13 [NOTIFICATION-SERVICE] [info]: ✅ Database connected.
2026-03-01 17:45:14 [NOTIFICATION-SERVICE] [info]: ✅ Database synchronized.
2026-03-01 17:45:14 [NOTIFICATION-SERVICE] [info]: 🔔 Notification Service running on port 3008
2026-03-01 18:18:30 [NOTIFICATION-SERVICE] [info]: ✅ Database connected.
2026-03-01 18:18:30 [NOTIFICATION-SERVICE] [info]: ✅ Database synchronized.
2026-03-01 18:18:30 [NOTIFICATION-SERVICE] [info]: 🔔 Notification Service running on port 3008
2026-03-01 18:59:05 [NOTIFICATION-SERVICE] [error]: ❌ Unable to start server: {"name":"SequelizeConnectionRefusedError","parent":{"code":"ECONNREFUSED"},"original":{"code":"ECONNREFUSED"}}
SequelizeConnectionRefusedError: 
    at Client._connectionCallback (E:\Academic\Semester_7\CO528\Mini Project\decp-platform\backend\notification-service\node_modules\sequelize\src\dialects\postgres\connection-manager.js:184:24)
    at Client._handleErrorWhileConnecting (E:\Academic\Semester_7\CO528\Mini Project\decp-platform\backend\notification-service\node_modules\pg\lib\client.js:379:19)
    at Client._handleErrorEvent (E:\Academic\Semester_7\CO528\Mini Project\decp-platform\backend\notification-service\node_modules\pg\lib\client.js:389:19)
    at Connection.emit (node:events:524:28)
    at Socket.reportStreamError (E:\Academic\Semester_7\CO528\Mini Project\decp-platform\backend\notification-service\node_modules\pg\lib\connection.js:56:12)
    at Socket.emit (node:events:524:28)
    at emitErrorNT (node:internal/streams/destroy:170:8)
    at emitErrorCloseNT (node:internal/streams/destroy:129:3)
    at processTicksAndRejections (node:internal/process/task_queues:90:21)
2026-03-01 19:03:25 [NOTIFICATION-SERVICE] [error]: ❌ Unable to start server: {"name":"SequelizeConnectionRefusedError","parent":{"code":"ECONNREFUSED"},"original":{"code":"ECONNREFUSED"}}
SequelizeConnectionRefusedError: 
    at Client._connectionCallback (e:\Academic\Semester_7\CO528\Mini Project\decp-platform\backend\notification-service\node_modules\sequelize\src\dialects\postgres\connection-manager.js:184:24)
    at Client._handleErrorWhileConnecting (e:\Academic\Semester_7\CO528\Mini Project\decp-platform\backend\notification-service\node_modules\pg\lib\client.js:379:19)
    at Client._handleErrorEvent (e:\Academic\Semester_7\CO528\Mini Project\decp-platform\backend\notification-service\node_modules\pg\lib\client.js:389:19)
    at Connection.emit (node:events:524:28)
    at Socket.reportStreamError (e:\Academic\Semester_7\CO528\Mini Project\decp-platform\backend\notification-service\node_modules\pg\lib\connection.js:56:12)
    at Socket.emit (node:events:524:28)
    at emitErrorNT (node:internal/streams/destroy:170:8)
    at emitErrorCloseNT (node:internal/streams/destroy:129:3)
    at processTicksAndRejections (node:internal/process/task_queues:90:21)
2026-03-01 19:08:03 [NOTIFICATION-SERVICE] [info]: ✅ Database connected.
2026-03-01 19:08:03 [NOTIFICATION-SERVICE] [info]: ✅ Database connected.
2026-03-01 19:08:03 [NOTIFICATION-SERVICE] [info]: ✅ Database synchronized.
2026-03-01 19:08:03 [NOTIFICATION-SERVICE] [info]: 🔔 Notification Service running on port 3008
2026-03-01 19:08:03 [NOTIFICATION-SERVICE] [info]: ✅ Database synchronized.
2026-03-01 19:10:07 [NOTIFICATION-SERVICE] [info]: ✅ Database connected.
2026-03-01 19:10:08 [NOTIFICATION-SERVICE] [info]: ✅ Database synchronized.
2026-03-01 19:10:08 [NOTIFICATION-SERVICE] [info]: 🔔 Notification Service running on port 3008
2026-03-01 19:47:21 [NOTIFICATION-SERVICE] [info]: ✅ Database connected.
2026-03-01 19:47:21 [NOTIFICATION-SERVICE] [info]: ✅ Database synchronized.
2026-03-01 19:49:10 [NOTIFICATION-SERVICE] [info]: ✅ Database connected.
2026-03-01 19:49:11 [NOTIFICATION-SERVICE] [info]: ✅ Database synchronized.
2026-03-01 19:49:11 [NOTIFICATION-SERVICE] [info]: 🔔 Notification Service running on port 3008
2026-03-01 19:54:34 [NOTIFICATION-SERVICE] [info]: ✅ Database connected.
2026-03-01 19:54:34 [NOTIFICATION-SERVICE] [info]: ✅ Database synchronized.
2026-03-01 19:54:34 [NOTIFICATION-SERVICE] [info]: 🔔 Notification Service running on port 3008
2026-03-01 19:58:58 [NOTIFICATION-SERVICE] [info]: ✅ Database connected.
2026-03-01 19:58:58 [NOTIFICATION-SERVICE] [info]: ✅ Database synchronized.
2026-03-01 19:58:58 [NOTIFICATION-SERVICE] [info]: 🔔 Notification Service running on port 3008
2026-03-01 20:24:33 [NOTIFICATION-SERVICE] [info]: ✅ Database connected.
2026-03-01 20:24:33 [NOTIFICATION-SERVICE] [info]: ✅ Database synchronized.
2026-03-01 20:24:33 [NOTIFICATION-SERVICE] [info]: 🔔 Notification Service running on port 3008
2026-03-01 20:28:08 [NOTIFICATION-SERVICE] [info]: ✅ Database connected.
2026-03-01 20:28:08 [NOTIFICATION-SERVICE] [info]: ✅ Database synchronized.
2026-03-01 20:28:08 [NOTIFICATION-SERVICE] [info]: 🔔 Notification Service running on port 3008
2026-03-01 20:36:26 [NOTIFICATION-SERVICE] [info]: ✅ Database connected.
2026-03-01 20:36:26 [NOTIFICATION-SERVICE] [info]: ✅ Database synchronized.
2026-03-01 20:36:26 [NOTIFICATION-SERVICE] [info]: 🔔 Notification Service running on port 3008
2026-03-01 20:41:28 [NOTIFICATION-SERVICE] [info]: ✅ Database connected.
2026-03-01 20:41:28 [NOTIFICATION-SERVICE] [info]: ✅ Database synchronized.
2026-03-01 20:41:28 [NOTIFICATION-SERVICE] [info]: 🔔 Notification Service running on port 3008
2026-03-01 20:54:25 [NOTIFICATION-SERVICE] [info]: ✅ Database connected.
2026-03-01 20:54:25 [NOTIFICATION-SERVICE] [info]: ✅ Database synchronized.
2026-03-01 20:54:25 [NOTIFICATION-SERVICE] [info]: 🔔 Notification Service running on port 3008
2026-03-01 21:03:26 [NOTIFICATION-SERVICE] [info]: ✅ Database connected.
2026-03-01 21:03:26 [NOTIFICATION-SERVICE] [info]: ✅ Database synchronized.
2026-03-01 21:03:26 [NOTIFICATION-SERVICE] [info]: 🔔 Notification Service running on port 3008
2026-03-01 21:10:00 [NOTIFICATION-SERVICE] [info]: ✅ Database connected.
2026-03-01 21:10:00 [NOTIFICATION-SERVICE] [info]: ✅ Database synchronized.
2026-03-01 21:10:00 [NOTIFICATION-SERVICE] [info]: 🔔 Notification Service running on port 3008
2026-03-01 21:16:43 [NOTIFICATION-SERVICE] [info]: ✅ Database connected.
2026-03-01 21:16:43 [NOTIFICATION-SERVICE] [info]: ✅ Database synchronized.
2026-03-01 21:16:43 [NOTIFICATION-SERVICE] [info]: 🔔 Notification Service running on port 3008
2026-03-01 21:30:07 [NOTIFICATION-SERVICE] [info]: ✅ Database connected.
2026-03-01 21:30:07 [NOTIFICATION-SERVICE] [info]: ✅ Database synchronized.
2026-03-01 21:30:07 [NOTIFICATION-SERVICE] [info]: 🔔 Notification Service running on port 3008
2026-03-01 21:42:02 [NOTIFICATION-SERVICE] [info]: ✅ Database connected.
2026-03-01 21:42:02 [NOTIFICATION-SERVICE] [info]: ✅ Database synchronized.
2026-03-01 21:42:02 [NOTIFICATION-SERVICE] [info]: 🔔 Notification Service running on port 3008
2026-03-02 21:33:15 [NOTIFICATION-SERVICE] [error]: ❌ Unable to start server: password authentication failed for user "postgres" {"name":"SequelizeConnectionError","parent":{"length":104,"name":"error","severity":"FATAL","code":"28P01","file":"auth.c","line":"320","routine":"auth_failed"},"original":{"length":104,"name":"error","severity":"FATAL","code":"28P01","file":"auth.c","line":"320","routine":"auth_failed"}}
SequelizeConnectionError: password authentication failed for user "postgres"
    at Client._connectionCallback (E:\Academic\Semester_7\CO528\Mini Project\decp-platform\backend\notification-service\node_modules\sequelize\src\dialects\postgres\connection-manager.js:196:24)
    at Client._handleErrorWhileConnecting (E:\Academic\Semester_7\CO528\Mini Project\decp-platform\backend\notification-service\node_modules\pg\lib\client.js:379:19)
    at Client._handleErrorMessage (E:\Academic\Semester_7\CO528\Mini Project\decp-platform\backend\notification-service\node_modules\pg\lib\client.js:399:19)
    at Connection.emit (node:events:524:28)
    at E:\Academic\Semester_7\CO528\Mini Project\decp-platform\backend\notification-service\node_modules\pg\lib\connection.js:115:12
    at Parser.parse (E:\Academic\Semester_7\CO528\Mini Project\decp-platform\backend\notification-service\node_modules\pg-protocol\src\parser.ts:106:9)
    at Socket.<anonymous> (E:\Academic\Semester_7\CO528\Mini Project\decp-platform\backend\notification-service\node_modules\pg-protocol\src\index.ts:7:48)
    at Socket.emit (node:events:524:28)
    at addChunk (node:internal/streams/readable:561:12)
    at readableAddChunkPushByteMode (node:internal/streams/readable:512:3)
2026-03-02 21:38:13 [NOTIFICATION-SERVICE] [error]: ❌ Unable to start server: database "decp_notifications" does not exist {"name":"SequelizeConnectionError","parent":{"length":104,"name":"error","severity":"FATAL","code":"3D000","file":"postinit.c","line":"1016","routine":"InitPostgres"},"original":{"length":104,"name":"error","severity":"FATAL","code":"3D000","file":"postinit.c","line":"1016","routine":"InitPostgres"}}
SequelizeConnectionError: database "decp_notifications" does not exist
    at Client._connectionCallback (E:\Academic\Semester_7\CO528\Mini Project\decp-platform\backend\notification-service\node_modules\sequelize\src\dialects\postgres\connection-manager.js:196:24)
    at Client._handleErrorWhileConnecting (E:\Academic\Semester_7\CO528\Mini Project\decp-platform\backend\notification-service\node_modules\pg\lib\client.js:379:19)
    at Client._handleErrorMessage (E:\Academic\Semester_7\CO528\Mini Project\decp-platform\backend\notification-service\node_modules\pg\lib\client.js:399:19)
    at Connection.emit (node:events:524:28)
    at E:\Academic\Semester_7\CO528\Mini Project\decp-platform\backend\notification-service\node_modules\pg\lib\connection.js:115:12
    at Parser.parse (E:\Academic\Semester_7\CO528\Mini Project\decp-platform\backend\notification-service\node_modules\pg-protocol\src\parser.ts:106:9)
    at Socket.<anonymous> (E:\Academic\Semester_7\CO528\Mini Project\decp-platform\backend\notification-service\node_modules\pg-protocol\src\index.ts:7:48)
    at Socket.emit (node:events:524:28)
    at addChunk (node:internal/streams/readable:561:12)
    at readableAddChunkPushByteMode (node:internal/streams/readable:512:3)
2026-03-02 21:40:17 [NOTIFICATION-SERVICE] [error]: ❌ Unable to start server: database "decp_notifications" does not exist {"name":"SequelizeConnectionError","parent":{"length":104,"name":"error","severity":"FATAL","code":"3D000","file":"postinit.c","line":"1016","routine":"InitPostgres"},"original":{"length":104,"name":"error","severity":"FATAL","code":"3D000","file":"postinit.c","line":"1016","routine":"InitPostgres"}}
SequelizeConnectionError: database "decp_notifications" does not exist
    at Client._connectionCallback (E:\Academic\Semester_7\CO528\Mini Project\decp-platform\backend\notification-service\node_modules\sequelize\src\dialects\postgres\connection-manager.js:196:24)
    at Client._handleErrorWhileConnecting (E:\Academic\Semester_7\CO528\Mini Project\decp-platform\backend\notification-service\node_modules\pg\lib\client.js:379:19)
    at Client._handleErrorMessage (E:\Academic\Semester_7\CO528\Mini Project\decp-platform\backend\notification-service\node_modules\pg\lib\client.js:399:19)
    at Connection.emit (node:events:524:28)
    at E:\Academic\Semester_7\CO528\Mini Project\decp-platform\backend\notification-service\node_modules\pg\lib\connection.js:115:12
    at Parser.parse (E:\Academic\Semester_7\CO528\Mini Project\decp-platform\backend\notification-service\node_modules\pg-protocol\src\parser.ts:106:9)
    at Socket.<anonymous> (E:\Academic\Semester_7\CO528\Mini Project\decp-platform\backend\notification-service\node_modules\pg-protocol\src\index.ts:7:48)
    at Socket.emit (node:events:524:28)
    at addChunk (node:internal/streams/readable:561:12)
    at readableAddChunkPushByteMode (node:internal/streams/readable:512:3)
2026-03-02 21:44:39 [NOTIFICATION-SERVICE] [error]: ❌ Unable to start server: database "decp_notifications" does not exist {"name":"SequelizeConnectionError","parent":{"length":104,"name":"error","severity":"FATAL","code":"3D000","file":"postinit.c","line":"1016","routine":"InitPostgres"},"original":{"length":104,"name":"error","severity":"FATAL","code":"3D000","file":"postinit.c","line":"1016","routine":"InitPostgres"}}
SequelizeConnectionError: database "decp_notifications" does not exist
    at Client._connectionCallback (E:\Academic\Semester_7\CO528\Mini Project\decp-platform\backend\notification-service\node_modules\sequelize\src\dialects\postgres\connection-manager.js:196:24)
    at Client._handleErrorWhileConnecting (E:\Academic\Semester_7\CO528\Mini Project\decp-platform\backend\notification-service\node_modules\pg\lib\client.js:379:19)
    at Client._handleErrorMessage (E:\Academic\Semester_7\CO528\Mini Project\decp-platform\backend\notification-service\node_modules\pg\lib\client.js:399:19)
    at Connection.emit (node:events:524:28)
    at E:\Academic\Semester_7\CO528\Mini Project\decp-platform\backend\notification-service\node_modules\pg\lib\connection.js:115:12
    at Parser.parse (E:\Academic\Semester_7\CO528\Mini Project\decp-platform\backend\notification-service\node_modules\pg-protocol\src\parser.ts:106:9)
    at Socket.<anonymous> (E:\Academic\Semester_7\CO528\Mini Project\decp-platform\backend\notification-service\node_modules\pg-protocol\src\index.ts:7:48)
    at Socket.emit (node:events:524:28)
    at addChunk (node:internal/streams/readable:561:12)
    at readableAddChunkPushByteMode (node:internal/streams/readable:512:3)
2026-03-02 22:09:25 [NOTIFICATION-SERVICE] [info]: ✅ Database connected.
2026-03-02 22:09:25 [NOTIFICATION-SERVICE] [info]: ✅ Database synchronized.
2026-03-02 22:09:25 [NOTIFICATION-SERVICE] [info]: 🔔 Notification Service running on port 3008
2026-03-02 22:31:10 [NOTIFICATION-SERVICE] [info]: ✅ Database connected.
2026-03-02 22:31:11 [NOTIFICATION-SERVICE] [info]: ✅ Database synchronized.
2026-03-02 22:35:38 [NOTIFICATION-SERVICE] [info]: ✅ Database connected.
2026-03-02 22:35:38 [NOTIFICATION-SERVICE] [info]: ✅ Database synchronized.
2026-03-02 22:35:38 [NOTIFICATION-SERVICE] [info]: 🔔 Notification Service running on port 3008
2026-03-02 22:44:15 [NOTIFICATION-SERVICE] [info]: ✅ Database connected.
2026-03-02 22:44:15 [NOTIFICATION-SERVICE] [info]: ✅ Database synchronized.
2026-03-02 22:44:15 [NOTIFICATION-SERVICE] [info]: 🔔 Notification Service running on port 3008
2026-03-02 22:54:40 [NOTIFICATION-SERVICE] [info]: ✅ Database connected.
2026-03-02 22:54:40 [NOTIFICATION-SERVICE] [info]: ✅ Database synchronized.
2026-03-02 22:54:40 [NOTIFICATION-SERVICE] [info]: 🔔 Notification Service running on port 3008
2026-03-02 23:36:23 [NOTIFICATION-SERVICE] [info]: ✅ Database connected.
2026-03-02 23:36:23 [NOTIFICATION-SERVICE] [info]: ✅ Database synchronized.
2026-03-02 23:36:23 [NOTIFICATION-SERVICE] [info]: 🔔 Notification Service running on port 3008
2026-03-02 23:41:43 [NOTIFICATION-SERVICE] [info]: ✅ Database connected.
2026-03-02 23:41:44 [NOTIFICATION-SERVICE] [info]: ✅ Database synchronized.
2026-03-02 23:41:44 [NOTIFICATION-SERVICE] [info]: 🔔 Notification Service running on port 3008
2026-03-03 06:48:25 [NOTIFICATION-SERVICE] [info]: ✅ Database connected.
2026-03-03 06:48:25 [NOTIFICATION-SERVICE] [info]: ✅ Database synchronized.
2026-03-03 06:52:13 [NOTIFICATION-SERVICE] [info]: ✅ Database connected.
2026-03-03 06:52:13 [NOTIFICATION-SERVICE] [info]: ✅ Database synchronized.
2026-03-03 06:52:13 [NOTIFICATION-SERVICE] [info]: 🔔 Notification Service running on port 3008
2026-03-03 07:05:20 [NOTIFICATION-SERVICE] [info]: ✅ Database connected.
2026-03-03 07:05:20 [NOTIFICATION-SERVICE] [info]: ✅ Database synchronized.
2026-03-03 07:05:20 [NOTIFICATION-SERVICE] [info]: 🔔 Notification Service running on port 3008
2026-03-03 07:26:27 [NOTIFICATION-SERVICE] [info]: ✅ Database connected.
2026-03-03 07:26:27 [NOTIFICATION-SERVICE] [info]: ✅ Database synchronized.
2026-03-03 07:26:27 [NOTIFICATION-SERVICE] [info]: 🔔 Notification Service running on port 3008
2026-03-03 07:40:14 [NOTIFICATION-SERVICE] [info]: ✅ Database connected.
2026-03-03 07:40:14 [NOTIFICATION-SERVICE] [info]: ✅ Database synchronized.
2026-03-03 07:40:14 [NOTIFICATION-SERVICE] [info]: 🔔 Notification Service running on port 3008
2026-03-03 08:08:35 [NOTIFICATION-SERVICE] [info]: ✅ Database connected.
2026-03-03 08:08:35 [NOTIFICATION-SERVICE] [info]: ✅ Database synchronized.
2026-03-03 08:08:35 [NOTIFICATION-SERVICE] [info]: 🔔 Notification Service running on port 3008
2026-03-03 22:13:06 [NOTIFICATION-SERVICE] [info]: ✅ Database connected.
2026-03-03 22:13:06 [NOTIFICATION-SERVICE] [info]: ✅ Database synchronized.
2026-03-03 22:13:06 [NOTIFICATION-SERVICE] [info]: 🔔 Notification Service running on port 3008
2026-03-03 22:46:52 [NOTIFICATION-SERVICE] [info]: ✅ Database connected.
2026-03-03 22:46:52 [NOTIFICATION-SERVICE] [info]: ✅ Database synchronized.
2026-03-03 22:46:52 [NOTIFICATION-SERVICE] [info]: 🔔 Notification Service running on port 3008
