2026-03-01 14:53:27 [ANALYTICS-SERVICE] [error]: ❌ Unable to start server: password authentication failed for user "postgres" {"name":"SequelizeConnectionError","parent":{"length":104,"name":"error","severity":"FATAL","code":"28P01","file":"auth.c","line":"320","routine":"auth_failed"},"original":{"length":104,"name":"error","severity":"FATAL","code":"28P01","file":"auth.c","line":"320","routine":"auth_failed"}}
SequelizeConnectionError: password authentication failed for user "postgres"
    at Client._connectionCallback (E:\Academic\Semester_7\CO528\Mini Project\decp-platform\backend\analytics-service\node_modules\sequelize\src\dialects\postgres\connection-manager.js:196:24)
    at Client._handleErrorWhileConnecting (E:\Academic\Semester_7\CO528\Mini Project\decp-platform\backend\analytics-service\node_modules\pg\lib\client.js:379:19)
    at Client._handleErrorMessage (E:\Academic\Semester_7\CO528\Mini Project\decp-platform\backend\analytics-service\node_modules\pg\lib\client.js:399:19)
    at Connection.emit (node:events:524:28)
    at E:\Academic\Semester_7\CO528\Mini Project\decp-platform\backend\analytics-service\node_modules\pg\lib\connection.js:115:12
    at Parser.parse (E:\Academic\Semester_7\CO528\Mini Project\decp-platform\backend\analytics-service\node_modules\pg-protocol\src\parser.ts:106:9)
    at Socket.<anonymous> (E:\Academic\Semester_7\CO528\Mini Project\decp-platform\backend\analytics-service\node_modules\pg-protocol\src\index.ts:7:48)
    at Socket.emit (node:events:524:28)
    at addChunk (node:internal/streams/readable:561:12)
    at readableAddChunkPushByteMode (node:internal/streams/readable:512:3)
2026-03-01 16:49:08 [ANALYTICS-SERVICE] [info]: ✅ Database connected.
2026-03-01 16:49:08 [ANALYTICS-SERVICE] [info]: ✅ Database synchronized.
2026-03-01 16:49:08 [ANALYTICS-SERVICE] [info]: 📊 Analytics Service running on port 3009
2026-03-01 16:51:12 [ANALYTICS-SERVICE] [info]: ✅ Database connected.
2026-03-01 16:51:12 [ANALYTICS-SERVICE] [info]: ✅ Database synchronized.
2026-03-01 16:51:12 [ANALYTICS-SERVICE] [info]: 📊 Analytics Service running on port 3009
2026-03-01 16:59:51 [ANALYTICS-SERVICE] [info]: ✅ Database connected.
2026-03-01 16:59:51 [ANALYTICS-SERVICE] [info]: ✅ Database synchronized.
2026-03-01 16:59:51 [ANALYTICS-SERVICE] [info]: 📊 Analytics Service running on port 3009
2026-03-01 17:31:49 [ANALYTICS-SERVICE] [info]: ✅ Database connected.
2026-03-01 17:31:49 [ANALYTICS-SERVICE] [info]: ✅ Database synchronized.
2026-03-01 17:31:49 [ANALYTICS-SERVICE] [info]: 📊 Analytics Service running on port 3009
2026-03-01 17:45:15 [ANALYTICS-SERVICE] [info]: ✅ Database connected.
2026-03-01 17:45:15 [ANALYTICS-SERVICE] [info]: ✅ Database synchronized.
2026-03-01 17:45:15 [ANALYTICS-SERVICE] [info]: 📊 Analytics Service running on port 3009
2026-03-01 18:18:32 [ANALYTICS-SERVICE] [info]: ✅ Database connected.
2026-03-01 18:18:32 [ANALYTICS-SERVICE] [info]: ✅ Database synchronized.
2026-03-01 18:18:32 [ANALYTICS-SERVICE] [info]: 📊 Analytics Service running on port 3009
2026-03-01 18:59:07 [ANALYTICS-SERVICE] [error]: ❌ Unable to start server: {"name":"SequelizeConnectionRefusedError","parent":{"code":"ECONNREFUSED"},"original":{"code":"ECONNREFUSED"}}
SequelizeConnectionRefusedError: 
    at Client._connectionCallback (E:\Academic\Semester_7\CO528\Mini Project\decp-platform\backend\analytics-service\node_modules\sequelize\src\dialects\postgres\connection-manager.js:184:24)
    at Client._handleErrorWhileConnecting (E:\Academic\Semester_7\CO528\Mini Project\decp-platform\backend\analytics-service\node_modules\pg\lib\client.js:379:19)
    at Client._handleErrorEvent (E:\Academic\Semester_7\CO528\Mini Project\decp-platform\backend\analytics-service\node_modules\pg\lib\client.js:389:19)
    at Connection.emit (node:events:524:28)
    at Socket.reportStreamError (E:\Academic\Semester_7\CO528\Mini Project\decp-platform\backend\analytics-service\node_modules\pg\lib\connection.js:56:12)
    at Socket.emit (node:events:524:28)
    at emitErrorNT (node:internal/streams/destroy:170:8)
    at emitErrorCloseNT (node:internal/streams/destroy:129:3)
    at processTicksAndRejections (node:internal/process/task_queues:90:21)
2026-03-01 19:03:25 [ANALYTICS-SERVICE] [error]: ❌ Unable to start server: {"name":"SequelizeConnectionRefusedError","parent":{"code":"ECONNREFUSED"},"original":{"code":"ECONNREFUSED"}}
SequelizeConnectionRefusedError: 
    at Client._connectionCallback (e:\Academic\Semester_7\CO528\Mini Project\decp-platform\backend\analytics-service\node_modules\sequelize\src\dialects\postgres\connection-manager.js:184:24)
    at Client._handleErrorWhileConnecting (e:\Academic\Semester_7\CO528\Mini Project\decp-platform\backend\analytics-service\node_modules\pg\lib\client.js:379:19)
    at Client._handleErrorEvent (e:\Academic\Semester_7\CO528\Mini Project\decp-platform\backend\analytics-service\node_modules\pg\lib\client.js:389:19)
    at Connection.emit (node:events:524:28)
    at Socket.reportStreamError (e:\Academic\Semester_7\CO528\Mini Project\decp-platform\backend\analytics-service\node_modules\pg\lib\connection.js:56:12)
    at Socket.emit (node:events:524:28)
    at emitErrorNT (node:internal/streams/destroy:170:8)
    at emitErrorCloseNT (node:internal/streams/destroy:129:3)
    at processTicksAndRejections (node:internal/process/task_queues:90:21)
2026-03-01 19:08:18 [ANALYTICS-SERVICE] [info]: ✅ Database connected.
2026-03-01 19:08:18 [ANALYTICS-SERVICE] [info]: ✅ Database connected.
2026-03-01 19:08:18 [ANALYTICS-SERVICE] [info]: ✅ Database synchronized.
2026-03-01 19:08:18 [ANALYTICS-SERVICE] [info]: 📊 Analytics Service running on port 3009
2026-03-01 19:08:18 [ANALYTICS-SERVICE] [info]: ✅ Database synchronized.
2026-03-01 19:10:07 [ANALYTICS-SERVICE] [info]: ✅ Database connected.
2026-03-01 19:10:07 [ANALYTICS-SERVICE] [info]: ✅ Database synchronized.
2026-03-01 19:10:07 [ANALYTICS-SERVICE] [info]: 📊 Analytics Service running on port 3009
2026-03-01 19:47:21 [ANALYTICS-SERVICE] [info]: ✅ Database connected.
2026-03-01 19:47:21 [ANALYTICS-SERVICE] [info]: ✅ Database synchronized.
2026-03-01 19:49:12 [ANALYTICS-SERVICE] [info]: ✅ Database connected.
2026-03-01 19:49:12 [ANALYTICS-SERVICE] [info]: ✅ Database synchronized.
2026-03-01 19:49:12 [ANALYTICS-SERVICE] [info]: 📊 Analytics Service running on port 3009
2026-03-01 19:54:35 [ANALYTICS-SERVICE] [info]: ✅ Database connected.
2026-03-01 19:54:36 [ANALYTICS-SERVICE] [info]: ✅ Database synchronized.
2026-03-01 19:54:36 [ANALYTICS-SERVICE] [info]: 📊 Analytics Service running on port 3009
2026-03-01 19:58:58 [ANALYTICS-SERVICE] [info]: ✅ Database connected.
2026-03-01 19:58:58 [ANALYTICS-SERVICE] [info]: ✅ Database synchronized.
2026-03-01 19:58:58 [ANALYTICS-SERVICE] [info]: 📊 Analytics Service running on port 3009
2026-03-01 20:24:35 [ANALYTICS-SERVICE] [info]: ✅ Database connected.
2026-03-01 20:24:35 [ANALYTICS-SERVICE] [info]: ✅ Database synchronized.
2026-03-01 20:24:35 [ANALYTICS-SERVICE] [info]: 📊 Analytics Service running on port 3009
2026-03-01 20:28:08 [ANALYTICS-SERVICE] [info]: ✅ Database connected.
2026-03-01 20:28:08 [ANALYTICS-SERVICE] [info]: ✅ Database synchronized.
2026-03-01 20:28:08 [ANALYTICS-SERVICE] [info]: 📊 Analytics Service running on port 3009
2026-03-01 20:36:26 [ANALYTICS-SERVICE] [info]: ✅ Database connected.
2026-03-01 20:36:26 [ANALYTICS-SERVICE] [info]: ✅ Database synchronized.
2026-03-01 20:36:26 [ANALYTICS-SERVICE] [info]: 📊 Analytics Service running on port 3009
2026-03-01 20:41:28 [ANALYTICS-SERVICE] [info]: ✅ Database connected.
2026-03-01 20:41:28 [ANALYTICS-SERVICE] [info]: ✅ Database synchronized.
2026-03-01 20:41:28 [ANALYTICS-SERVICE] [info]: 📊 Analytics Service running on port 3009
2026-03-01 20:54:25 [ANALYTICS-SERVICE] [info]: ✅ Database connected.
2026-03-01 20:54:25 [ANALYTICS-SERVICE] [info]: ✅ Database synchronized.
2026-03-01 20:54:25 [ANALYTICS-SERVICE] [info]: 📊 Analytics Service running on port 3009
2026-03-01 21:03:26 [ANALYTICS-SERVICE] [info]: ✅ Database connected.
2026-03-01 21:03:26 [ANALYTICS-SERVICE] [info]: ✅ Database synchronized.
2026-03-01 21:03:26 [ANALYTICS-SERVICE] [info]: 📊 Analytics Service running on port 3009
2026-03-01 21:10:00 [ANALYTICS-SERVICE] [info]: ✅ Database connected.
2026-03-01 21:10:00 [ANALYTICS-SERVICE] [info]: ✅ Database synchronized.
2026-03-01 21:10:00 [ANALYTICS-SERVICE] [info]: 📊 Analytics Service running on port 3009
2026-03-01 21:16:43 [ANALYTICS-SERVICE] [info]: ✅ Database connected.
2026-03-01 21:16:43 [ANALYTICS-SERVICE] [info]: ✅ Database synchronized.
2026-03-01 21:16:43 [ANALYTICS-SERVICE] [info]: 📊 Analytics Service running on port 3009
2026-03-01 21:30:08 [ANALYTICS-SERVICE] [info]: ✅ Database connected.
2026-03-01 21:30:08 [ANALYTICS-SERVICE] [info]: ✅ Database synchronized.
2026-03-01 21:30:08 [ANALYTICS-SERVICE] [info]: 📊 Analytics Service running on port 3009
2026-03-01 21:42:02 [ANALYTICS-SERVICE] [info]: ✅ Database connected.
2026-03-01 21:42:02 [ANALYTICS-SERVICE] [info]: ✅ Database synchronized.
2026-03-01 21:42:02 [ANALYTICS-SERVICE] [info]: 📊 Analytics Service running on port 3009
2026-03-02 21:33:15 [ANALYTICS-SERVICE] [error]: ❌ Unable to start server: password authentication failed for user "postgres" {"name":"SequelizeConnectionError","parent":{"length":104,"name":"error","severity":"FATAL","code":"28P01","file":"auth.c","line":"320","routine":"auth_failed"},"original":{"length":104,"name":"error","severity":"FATAL","code":"28P01","file":"auth.c","line":"320","routine":"auth_failed"}}
SequelizeConnectionError: password authentication failed for user "postgres"
    at Client._connectionCallback (E:\Academic\Semester_7\CO528\Mini Project\decp-platform\backend\analytics-service\node_modules\sequelize\src\dialects\postgres\connection-manager.js:196:24)
    at Client._handleErrorWhileConnecting (E:\Academic\Semester_7\CO528\Mini Project\decp-platform\backend\analytics-service\node_modules\pg\lib\client.js:379:19)
    at Client._handleErrorMessage (E:\Academic\Semester_7\CO528\Mini Project\decp-platform\backend\analytics-service\node_modules\pg\lib\client.js:399:19)
    at Connection.emit (node:events:524:28)
    at E:\Academic\Semester_7\CO528\Mini Project\decp-platform\backend\analytics-service\node_modules\pg\lib\connection.js:115:12
    at Parser.parse (E:\Academic\Semester_7\CO528\Mini Project\decp-platform\backend\analytics-service\node_modules\pg-protocol\src\parser.ts:106:9)
    at Socket.<anonymous> (E:\Academic\Semester_7\CO528\Mini Project\decp-platform\backend\analytics-service\node_modules\pg-protocol\src\index.ts:7:48)
    at Socket.emit (node:events:524:28)
    at addChunk (node:internal/streams/readable:561:12)
    at readableAddChunkPushByteMode (node:internal/streams/readable:512:3)
2026-03-02 21:38:13 [ANALYTICS-SERVICE] [error]: ❌ Unable to start server: database "decp_analytics" does not exist {"name":"SequelizeConnectionError","parent":{"length":100,"name":"error","severity":"FATAL","code":"3D000","file":"postinit.c","line":"1016","routine":"InitPostgres"},"original":{"length":100,"name":"error","severity":"FATAL","code":"3D000","file":"postinit.c","line":"1016","routine":"InitPostgres"}}
SequelizeConnectionError: database "decp_analytics" does not exist
    at Client._connectionCallback (E:\Academic\Semester_7\CO528\Mini Project\decp-platform\backend\analytics-service\node_modules\sequelize\src\dialects\postgres\connection-manager.js:196:24)
    at Client._handleErrorWhileConnecting (E:\Academic\Semester_7\CO528\Mini Project\decp-platform\backend\analytics-service\node_modules\pg\lib\client.js:379:19)
    at Client._handleErrorMessage (E:\Academic\Semester_7\CO528\Mini Project\decp-platform\backend\analytics-service\node_modules\pg\lib\client.js:399:19)
    at Connection.emit (node:events:524:28)
    at E:\Academic\Semester_7\CO528\Mini Project\decp-platform\backend\analytics-service\node_modules\pg\lib\connection.js:115:12
    at Parser.parse (E:\Academic\Semester_7\CO528\Mini Project\decp-platform\backend\analytics-service\node_modules\pg-protocol\src\parser.ts:106:9)
    at Socket.<anonymous> (E:\Academic\Semester_7\CO528\Mini Project\decp-platform\backend\analytics-service\node_modules\pg-protocol\src\index.ts:7:48)
    at Socket.emit (node:events:524:28)
    at addChunk (node:internal/streams/readable:561:12)
    at readableAddChunkPushByteMode (node:internal/streams/readable:512:3)
2026-03-02 21:40:17 [ANALYTICS-SERVICE] [error]: ❌ Unable to start server: database "decp_analytics" does not exist {"name":"SequelizeConnectionError","parent":{"length":100,"name":"error","severity":"FATAL","code":"3D000","file":"postinit.c","line":"1016","routine":"InitPostgres"},"original":{"length":100,"name":"error","severity":"FATAL","code":"3D000","file":"postinit.c","line":"1016","routine":"InitPostgres"}}
SequelizeConnectionError: database "decp_analytics" does not exist
    at Client._connectionCallback (E:\Academic\Semester_7\CO528\Mini Project\decp-platform\backend\analytics-service\node_modules\sequelize\src\dialects\postgres\connection-manager.js:196:24)
    at Client._handleErrorWhileConnecting (E:\Academic\Semester_7\CO528\Mini Project\decp-platform\backend\analytics-service\node_modules\pg\lib\client.js:379:19)
    at Client._handleErrorMessage (E:\Academic\Semester_7\CO528\Mini Project\decp-platform\backend\analytics-service\node_modules\pg\lib\client.js:399:19)
    at Connection.emit (node:events:524:28)
    at E:\Academic\Semester_7\CO528\Mini Project\decp-platform\backend\analytics-service\node_modules\pg\lib\connection.js:115:12
    at Parser.parse (E:\Academic\Semester_7\CO528\Mini Project\decp-platform\backend\analytics-service\node_modules\pg-protocol\src\parser.ts:106:9)
    at Socket.<anonymous> (E:\Academic\Semester_7\CO528\Mini Project\decp-platform\backend\analytics-service\node_modules\pg-protocol\src\index.ts:7:48)
    at Socket.emit (node:events:524:28)
    at addChunk (node:internal/streams/readable:561:12)
    at readableAddChunkPushByteMode (node:internal/streams/readable:512:3)
2026-03-02 21:44:41 [ANALYTICS-SERVICE] [error]: ❌ Unable to start server: database "decp_analytics" does not exist {"name":"SequelizeConnectionError","parent":{"length":100,"name":"error","severity":"FATAL","code":"3D000","file":"postinit.c","line":"1016","routine":"InitPostgres"},"original":{"length":100,"name":"error","severity":"FATAL","code":"3D000","file":"postinit.c","line":"1016","routine":"InitPostgres"}}
SequelizeConnectionError: database "decp_analytics" does not exist
    at Client._connectionCallback (E:\Academic\Semester_7\CO528\Mini Project\decp-platform\backend\analytics-service\node_modules\sequelize\src\dialects\postgres\connection-manager.js:196:24)
    at Client._handleErrorWhileConnecting (E:\Academic\Semester_7\CO528\Mini Project\decp-platform\backend\analytics-service\node_modules\pg\lib\client.js:379:19)
    at Client._handleErrorMessage (E:\Academic\Semester_7\CO528\Mini Project\decp-platform\backend\analytics-service\node_modules\pg\lib\client.js:399:19)
    at Connection.emit (node:events:524:28)
    at E:\Academic\Semester_7\CO528\Mini Project\decp-platform\backend\analytics-service\node_modules\pg\lib\connection.js:115:12
    at Parser.parse (E:\Academic\Semester_7\CO528\Mini Project\decp-platform\backend\analytics-service\node_modules\pg-protocol\src\parser.ts:106:9)
    at Socket.<anonymous> (E:\Academic\Semester_7\CO528\Mini Project\decp-platform\backend\analytics-service\node_modules\pg-protocol\src\index.ts:7:48)
    at Socket.emit (node:events:524:28)
    at addChunk (node:internal/streams/readable:561:12)
    at readableAddChunkPushByteMode (node:internal/streams/readable:512:3)
2026-03-02 22:10:16 [ANALYTICS-SERVICE] [info]: ✅ Database connected.
2026-03-02 22:10:16 [ANALYTICS-SERVICE] [info]: ✅ Database synchronized.
2026-03-02 22:10:16 [ANALYTICS-SERVICE] [info]: 📊 Analytics Service running on port 3009
2026-03-02 22:31:13 [ANALYTICS-SERVICE] [info]: ✅ Database connected.
2026-03-02 22:31:13 [ANALYTICS-SERVICE] [info]: ✅ Database synchronized.
2026-03-02 22:35:39 [ANALYTICS-SERVICE] [info]: ✅ Database connected.
2026-03-02 22:35:40 [ANALYTICS-SERVICE] [info]: ✅ Database synchronized.
2026-03-02 22:35:40 [ANALYTICS-SERVICE] [info]: 📊 Analytics Service running on port 3009
2026-03-02 22:44:17 [ANALYTICS-SERVICE] [info]: ✅ Database connected.
2026-03-02 22:44:17 [ANALYTICS-SERVICE] [info]: ✅ Database synchronized.
2026-03-02 22:44:17 [ANALYTICS-SERVICE] [info]: 📊 Analytics Service running on port 3009
2026-03-02 22:54:42 [ANALYTICS-SERVICE] [info]: ✅ Database connected.
2026-03-02 22:54:42 [ANALYTICS-SERVICE] [info]: ✅ Database synchronized.
2026-03-02 22:54:42 [ANALYTICS-SERVICE] [info]: 📊 Analytics Service running on port 3009
2026-03-02 23:36:25 [ANALYTICS-SERVICE] [info]: ✅ Database connected.
2026-03-02 23:36:25 [ANALYTICS-SERVICE] [info]: ✅ Database synchronized.
2026-03-02 23:36:25 [ANALYTICS-SERVICE] [info]: 📊 Analytics Service running on port 3009
2026-03-02 23:41:45 [ANALYTICS-SERVICE] [info]: ✅ Database connected.
2026-03-02 23:41:45 [ANALYTICS-SERVICE] [info]: ✅ Database synchronized.
2026-03-02 23:41:45 [ANALYTICS-SERVICE] [info]: 📊 Analytics Service running on port 3009
2026-03-03 06:48:25 [ANALYTICS-SERVICE] [info]: ✅ Database connected.
2026-03-03 06:48:25 [ANALYTICS-SERVICE] [info]: ✅ Database synchronized.
2026-03-03 06:52:13 [ANALYTICS-SERVICE] [info]: ✅ Database connected.
2026-03-03 06:52:13 [ANALYTICS-SERVICE] [info]: ✅ Database synchronized.
2026-03-03 06:52:13 [ANALYTICS-SERVICE] [info]: 📊 Analytics Service running on port 3009
2026-03-03 07:05:21 [ANALYTICS-SERVICE] [info]: ✅ Database connected.
2026-03-03 07:05:21 [ANALYTICS-SERVICE] [info]: ✅ Database synchronized.
2026-03-03 07:05:21 [ANALYTICS-SERVICE] [info]: 📊 Analytics Service running on port 3009
2026-03-03 07:26:28 [ANALYTICS-SERVICE] [info]: ✅ Database connected.
2026-03-03 07:26:28 [ANALYTICS-SERVICE] [info]: ✅ Database synchronized.
2026-03-03 07:26:28 [ANALYTICS-SERVICE] [info]: 📊 Analytics Service running on port 3009
2026-03-03 07:40:15 [ANALYTICS-SERVICE] [info]: ✅ Database connected.
2026-03-03 07:40:15 [ANALYTICS-SERVICE] [info]: ✅ Database synchronized.
2026-03-03 07:40:15 [ANALYTICS-SERVICE] [info]: 📊 Analytics Service running on port 3009
2026-03-03 08:08:35 [ANALYTICS-SERVICE] [info]: ✅ Database connected.
2026-03-03 08:08:35 [ANALYTICS-SERVICE] [info]: ✅ Database synchronized.
2026-03-03 08:08:35 [ANALYTICS-SERVICE] [info]: 📊 Analytics Service running on port 3009
2026-03-03 22:13:07 [ANALYTICS-SERVICE] [info]: ✅ Database connected.
2026-03-03 22:13:07 [ANALYTICS-SERVICE] [info]: ✅ Database synchronized.
2026-03-03 22:13:07 [ANALYTICS-SERVICE] [info]: 📊 Analytics Service running on port 3009
2026-03-03 22:46:53 [ANALYTICS-SERVICE] [info]: ✅ Database connected.
2026-03-03 22:46:53 [ANALYTICS-SERVICE] [info]: ✅ Database synchronized.
2026-03-03 22:46:53 [ANALYTICS-SERVICE] [info]: 📊 Analytics Service running on port 3009
2026-03-04 06:47:24 [ANALYTICS-SERVICE] [info]: ✅ Database connected.
2026-03-04 06:47:24 [ANALYTICS-SERVICE] [info]: ✅ Database synchronized.
2026-03-04 06:47:24 [ANALYTICS-SERVICE] [info]: 📊 Analytics Service running on port 3009
2026-03-04 06:56:15 [ANALYTICS-SERVICE] [info]: ✅ Database connected.
2026-03-04 06:56:15 [ANALYTICS-SERVICE] [info]: ✅ Database synchronized.
2026-03-04 06:56:15 [ANALYTICS-SERVICE] [info]: 📊 Analytics Service running on port 3009
2026-03-04 09:43:37 [ANALYTICS-SERVICE] [info]: ✅ Database connected.
2026-03-04 09:43:37 [ANALYTICS-SERVICE] [info]: ✅ Database synchronized.
2026-03-04 09:43:37 [ANALYTICS-SERVICE] [info]: 📊 Analytics Service running on port 3009
2026-03-04 10:16:09 [ANALYTICS-SERVICE] [info]: ✅ Database connected.
2026-03-04 10:16:09 [ANALYTICS-SERVICE] [info]: ✅ Database synchronized.
2026-03-04 10:16:09 [ANALYTICS-SERVICE] [info]: 📊 Analytics Service running on port 3009
2026-03-04 10:44:41 [ANALYTICS-SERVICE] [info]: ✅ Database connected.
2026-03-04 10:44:41 [ANALYTICS-SERVICE] [info]: ✅ Database synchronized.
2026-03-04 10:44:41 [ANALYTICS-SERVICE] [info]: 📊 Analytics Service running on port 3009
2026-03-04 10:53:47 [ANALYTICS-SERVICE] [info]: ✅ Database connected.
2026-03-04 10:53:47 [ANALYTICS-SERVICE] [info]: ✅ Database synchronized.
2026-03-04 10:53:47 [ANALYTICS-SERVICE] [info]: 📊 Analytics Service running on port 3009
2026-03-04 11:12:54 [ANALYTICS-SERVICE] [info]: ✅ Database connected.
2026-03-04 11:12:54 [ANALYTICS-SERVICE] [info]: ✅ Database synchronized.
2026-03-04 11:12:54 [ANALYTICS-SERVICE] [info]: 📊 Analytics Service running on port 3009
2026-03-04 11:26:23 [ANALYTICS-SERVICE] [info]: ✅ Database connected.
2026-03-04 11:26:23 [ANALYTICS-SERVICE] [info]: ✅ Database synchronized.
2026-03-04 11:26:23 [ANALYTICS-SERVICE] [info]: 📊 Analytics Service running on port 3009
2026-03-04 17:30:26 [ANALYTICS-SERVICE] [info]: ✅ Database connected.
2026-03-04 17:30:26 [ANALYTICS-SERVICE] [info]: ✅ Database synchronized.
2026-03-04 17:30:26 [ANALYTICS-SERVICE] [info]: 📊 Analytics Service running on port 3009
2026-03-04 22:15:15 [ANALYTICS-SERVICE] [info]: ✅ Database connected.
2026-03-04 22:15:15 [ANALYTICS-SERVICE] [info]: ✅ Database synchronized.
2026-03-04 22:15:15 [ANALYTICS-SERVICE] [info]: 📊 Analytics Service running on port 3009
2026-03-04 22:31:10 [ANALYTICS-SERVICE] [info]: ✅ Database connected.
2026-03-04 22:31:10 [ANALYTICS-SERVICE] [info]: ✅ Database synchronized.
2026-03-04 22:31:10 [ANALYTICS-SERVICE] [info]: 📊 Analytics Service running on port 3009
2026-03-04 23:16:14 [ANALYTICS-SERVICE] [info]: ✅ Database connected.
2026-03-04 23:16:14 [ANALYTICS-SERVICE] [info]: ✅ Database synchronized.
2026-03-04 23:16:14 [ANALYTICS-SERVICE] [info]: 📊 Analytics Service running on port 3009
2026-03-05 12:37:13 [ANALYTICS-SERVICE] [info]: ✅ Database connected.
2026-03-05 12:37:13 [ANALYTICS-SERVICE] [info]: ✅ Database synchronized.
2026-03-05 12:37:13 [ANALYTICS-SERVICE] [info]: 📊 Analytics Service running on port 3009
2026-03-05 12:49:01 [ANALYTICS-SERVICE] [info]: ✅ Database connected.
2026-03-05 12:49:01 [ANALYTICS-SERVICE] [info]: ✅ Database synchronized.
2026-03-05 12:49:01 [ANALYTICS-SERVICE] [info]: 📊 Analytics Service running on port 3009
2026-03-05 12:52:38 [ANALYTICS-SERVICE] [info]: ✅ Database connected.
2026-03-05 12:52:38 [ANALYTICS-SERVICE] [info]: ✅ Database synchronized.
2026-03-05 12:52:38 [ANALYTICS-SERVICE] [info]: 📊 Analytics Service running on port 3009
2026-03-05 12:58:45 [ANALYTICS-SERVICE] [info]: ✅ Database connected.
2026-03-05 12:58:45 [ANALYTICS-SERVICE] [info]: ✅ Database synchronized.
2026-03-05 12:58:45 [ANALYTICS-SERVICE] [info]: 📊 Analytics Service running on port 3009
2026-03-05 13:03:20 [ANALYTICS-SERVICE] [info]: ✅ Database connected.
2026-03-05 13:03:20 [ANALYTICS-SERVICE] [info]: ✅ Database synchronized.
2026-03-05 13:03:20 [ANALYTICS-SERVICE] [info]: 📊 Analytics Service running on port 3009
2026-03-05 13:06:23 [ANALYTICS-SERVICE] [info]: ✅ Database connected.
2026-03-05 13:06:23 [ANALYTICS-SERVICE] [info]: ✅ Database synchronized.
2026-03-05 13:06:23 [ANALYTICS-SERVICE] [info]: 📊 Analytics Service running on port 3009
2026-03-05 13:14:25 [ANALYTICS-SERVICE] [info]: ✅ Database connected.
2026-03-05 13:14:25 [ANALYTICS-SERVICE] [info]: ✅ Database synchronized.
2026-03-05 13:14:25 [ANALYTICS-SERVICE] [info]: 📊 Analytics Service running on port 3009
2026-03-05 13:21:06 [ANALYTICS-SERVICE] [info]: ✅ Database connected.
2026-03-05 13:21:06 [ANALYTICS-SERVICE] [info]: ✅ Database synchronized.
2026-03-05 13:21:06 [ANALYTICS-SERVICE] [info]: 📊 Analytics Service running on port 3009
2026-03-05 13:35:22 [ANALYTICS-SERVICE] [info]: ✅ Database connected.
2026-03-05 13:35:22 [ANALYTICS-SERVICE] [info]: ✅ Database synchronized.
2026-03-05 13:35:22 [ANALYTICS-SERVICE] [info]: 📊 Analytics Service running on port 3009
2026-03-05 13:40:43 [ANALYTICS-SERVICE] [info]: ✅ Database connected.
2026-03-05 13:40:43 [ANALYTICS-SERVICE] [info]: ✅ Database synchronized.
2026-03-05 13:40:43 [ANALYTICS-SERVICE] [info]: 📊 Analytics Service running on port 3009
2026-03-05 13:43:43 [ANALYTICS-SERVICE] [info]: ✅ Database connected.
2026-03-05 13:43:43 [ANALYTICS-SERVICE] [info]: ✅ Database synchronized.
2026-03-05 13:43:43 [ANALYTICS-SERVICE] [info]: 📊 Analytics Service running on port 3009
2026-03-05 14:25:31 [ANALYTICS-SERVICE] [info]: ✅ Database connected.
2026-03-05 14:25:31 [ANALYTICS-SERVICE] [info]: ✅ Database synchronized.
2026-03-05 14:25:31 [ANALYTICS-SERVICE] [info]: 📊 Analytics Service running on port 3009
2026-03-05 16:04:52 [ANALYTICS-SERVICE] [info]: ✅ Database connected.
2026-03-05 16:04:52 [ANALYTICS-SERVICE] [info]: ✅ Database synchronized.
2026-03-05 16:04:52 [ANALYTICS-SERVICE] [info]: 📊 Analytics Service running on port 3009
2026-03-05 16:21:07 [ANALYTICS-SERVICE] [info]: ✅ Database connected.
2026-03-05 16:21:07 [ANALYTICS-SERVICE] [info]: ✅ Database synchronized.
2026-03-05 16:21:07 [ANALYTICS-SERVICE] [info]: 📊 Analytics Service running on port 3009
2026-03-05 16:28:19 [ANALYTICS-SERVICE] [info]: ✅ Database connected.
2026-03-05 16:28:19 [ANALYTICS-SERVICE] [info]: ✅ Database synchronized.
2026-03-05 16:28:19 [ANALYTICS-SERVICE] [info]: 📊 Analytics Service running on port 3009
2026-03-05 17:01:08 [ANALYTICS-SERVICE] [info]: ✅ Database connected.
2026-03-05 17:01:08 [ANALYTICS-SERVICE] [info]: ✅ Database synchronized.
2026-03-05 17:01:08 [ANALYTICS-SERVICE] [info]: 📊 Analytics Service running on port 3009
2026-03-05 17:17:03 [ANALYTICS-SERVICE] [info]: ✅ Database connected.
2026-03-05 17:17:03 [ANALYTICS-SERVICE] [info]: ✅ Database synchronized.
2026-03-05 17:17:03 [ANALYTICS-SERVICE] [info]: 📊 Analytics Service running on port 3009
2026-03-05 17:27:04 [ANALYTICS-SERVICE] [info]: ✅ Database connected.
2026-03-05 17:27:04 [ANALYTICS-SERVICE] [info]: ✅ Database synchronized.
2026-03-05 17:27:04 [ANALYTICS-SERVICE] [info]: 📊 Analytics Service running on port 3009
2026-03-05 17:57:50 [ANALYTICS-SERVICE] [info]: ✅ Database connected.
2026-03-05 17:57:50 [ANALYTICS-SERVICE] [info]: ✅ Database synchronized.
2026-03-05 17:57:50 [ANALYTICS-SERVICE] [info]: 📊 Analytics Service running on port 3009
2026-03-05 17:57:50 [ANALYTICS-SERVICE] [info]: ✅ Database connected.
2026-03-05 17:57:50 [ANALYTICS-SERVICE] [info]: ✅ Database synchronized.
2026-03-05 17:59:34 [ANALYTICS-SERVICE] [info]: ✅ Database connected.
2026-03-05 17:59:34 [ANALYTICS-SERVICE] [info]: ✅ Database synchronized.
2026-03-05 17:59:34 [ANALYTICS-SERVICE] [info]: 📊 Analytics Service running on port 3009
