2026-03-01 14:38:39 [EVENTS-SERVICE] [error]: ❌ Unable to start server: password authentication failed for user "postgres" {"name":"SequelizeConnectionError","parent":{"length":104,"name":"error","severity":"FATAL","code":"28P01","file":"auth.c","line":"320","routine":"auth_failed"},"original":{"length":104,"name":"error","severity":"FATAL","code":"28P01","file":"auth.c","line":"320","routine":"auth_failed"}}
SequelizeConnectionError: password authentication failed for user "postgres"
    at Client._connectionCallback (E:\Academic\Semester_7\CO528\Mini Project\decp-platform\backend\events-service\node_modules\sequelize\src\dialects\postgres\connection-manager.js:196:24)
    at Client._handleErrorWhileConnecting (E:\Academic\Semester_7\CO528\Mini Project\decp-platform\backend\events-service\node_modules\pg\lib\client.js:379:19)
    at Client._handleErrorMessage (E:\Academic\Semester_7\CO528\Mini Project\decp-platform\backend\events-service\node_modules\pg\lib\client.js:399:19)
    at Connection.emit (node:events:524:28)
    at E:\Academic\Semester_7\CO528\Mini Project\decp-platform\backend\events-service\node_modules\pg\lib\connection.js:115:12
    at Parser.parse (E:\Academic\Semester_7\CO528\Mini Project\decp-platform\backend\events-service\node_modules\pg-protocol\src\parser.ts:106:9)
    at Socket.<anonymous> (E:\Academic\Semester_7\CO528\Mini Project\decp-platform\backend\events-service\node_modules\pg-protocol\src\index.ts:7:48)
    at Socket.emit (node:events:524:28)
    at addChunk (node:internal/streams/readable:561:12)
    at readableAddChunkPushByteMode (node:internal/streams/readable:512:3)
2026-03-01 14:49:00 [EVENTS-SERVICE] [error]: ❌ Unable to start server: password authentication failed for user "postgres" {"name":"SequelizeConnectionError","parent":{"length":104,"name":"error","severity":"FATAL","code":"28P01","file":"auth.c","line":"320","routine":"auth_failed"},"original":{"length":104,"name":"error","severity":"FATAL","code":"28P01","file":"auth.c","line":"320","routine":"auth_failed"}}
SequelizeConnectionError: password authentication failed for user "postgres"
    at Client._connectionCallback (E:\Academic\Semester_7\CO528\Mini Project\decp-platform\backend\events-service\node_modules\sequelize\src\dialects\postgres\connection-manager.js:196:24)
    at Client._handleErrorWhileConnecting (E:\Academic\Semester_7\CO528\Mini Project\decp-platform\backend\events-service\node_modules\pg\lib\client.js:379:19)
    at Client._handleErrorMessage (E:\Academic\Semester_7\CO528\Mini Project\decp-platform\backend\events-service\node_modules\pg\lib\client.js:399:19)
    at Connection.emit (node:events:524:28)
    at E:\Academic\Semester_7\CO528\Mini Project\decp-platform\backend\events-service\node_modules\pg\lib\connection.js:115:12
    at Parser.parse (E:\Academic\Semester_7\CO528\Mini Project\decp-platform\backend\events-service\node_modules\pg-protocol\src\parser.ts:106:9)
    at Socket.<anonymous> (E:\Academic\Semester_7\CO528\Mini Project\decp-platform\backend\events-service\node_modules\pg-protocol\src\index.ts:7:48)
    at Socket.emit (node:events:524:28)
    at addChunk (node:internal/streams/readable:561:12)
    at readableAddChunkPushByteMode (node:internal/streams/readable:512:3)
2026-03-01 14:53:04 [EVENTS-SERVICE] [error]: ❌ Unable to start server: password authentication failed for user "postgres" {"name":"SequelizeConnectionError","parent":{"length":104,"name":"error","severity":"FATAL","code":"28P01","file":"auth.c","line":"320","routine":"auth_failed"},"original":{"length":104,"name":"error","severity":"FATAL","code":"28P01","file":"auth.c","line":"320","routine":"auth_failed"}}
SequelizeConnectionError: password authentication failed for user "postgres"
    at Client._connectionCallback (E:\Academic\Semester_7\CO528\Mini Project\decp-platform\backend\events-service\node_modules\sequelize\src\dialects\postgres\connection-manager.js:196:24)
    at Client._handleErrorWhileConnecting (E:\Academic\Semester_7\CO528\Mini Project\decp-platform\backend\events-service\node_modules\pg\lib\client.js:379:19)
    at Client._handleErrorMessage (E:\Academic\Semester_7\CO528\Mini Project\decp-platform\backend\events-service\node_modules\pg\lib\client.js:399:19)
    at Connection.emit (node:events:524:28)
    at E:\Academic\Semester_7\CO528\Mini Project\decp-platform\backend\events-service\node_modules\pg\lib\connection.js:115:12
    at Parser.parse (E:\Academic\Semester_7\CO528\Mini Project\decp-platform\backend\events-service\node_modules\pg-protocol\src\parser.ts:106:9)
    at Socket.<anonymous> (E:\Academic\Semester_7\CO528\Mini Project\decp-platform\backend\events-service\node_modules\pg-protocol\src\index.ts:7:48)
    at Socket.emit (node:events:524:28)
    at addChunk (node:internal/streams/readable:561:12)
    at readableAddChunkPushByteMode (node:internal/streams/readable:512:3)
2026-03-01 15:05:32 [EVENTS-SERVICE] [error]: ❌ Unable to start server: password authentication failed for user "postgres" {"name":"SequelizeConnectionError","parent":{"length":104,"name":"error","severity":"FATAL","code":"28P01","file":"auth.c","line":"320","routine":"auth_failed"},"original":{"length":104,"name":"error","severity":"FATAL","code":"28P01","file":"auth.c","line":"320","routine":"auth_failed"}}
SequelizeConnectionError: password authentication failed for user "postgres"
    at Client._connectionCallback (E:\Academic\Semester_7\CO528\Mini Project\decp-platform\backend\events-service\node_modules\sequelize\src\dialects\postgres\connection-manager.js:196:24)
    at Client._handleErrorWhileConnecting (E:\Academic\Semester_7\CO528\Mini Project\decp-platform\backend\events-service\node_modules\pg\lib\client.js:379:19)
    at Client._handleErrorMessage (E:\Academic\Semester_7\CO528\Mini Project\decp-platform\backend\events-service\node_modules\pg\lib\client.js:399:19)
    at Connection.emit (node:events:524:28)
    at E:\Academic\Semester_7\CO528\Mini Project\decp-platform\backend\events-service\node_modules\pg\lib\connection.js:115:12
    at Parser.parse (E:\Academic\Semester_7\CO528\Mini Project\decp-platform\backend\events-service\node_modules\pg-protocol\src\parser.ts:106:9)
    at Socket.<anonymous> (E:\Academic\Semester_7\CO528\Mini Project\decp-platform\backend\events-service\node_modules\pg-protocol\src\index.ts:7:48)
    at Socket.emit (node:events:524:28)
    at addChunk (node:internal/streams/readable:561:12)
    at readableAddChunkPushByteMode (node:internal/streams/readable:512:3)
2026-03-01 15:14:30 [EVENTS-SERVICE] [error]: ❌ Unable to start server: password authentication failed for user "postgres" {"name":"SequelizeConnectionError","parent":{"length":104,"name":"error","severity":"FATAL","code":"28P01","file":"auth.c","line":"320","routine":"auth_failed"},"original":{"length":104,"name":"error","severity":"FATAL","code":"28P01","file":"auth.c","line":"320","routine":"auth_failed"}}
SequelizeConnectionError: password authentication failed for user "postgres"
    at Client._connectionCallback (E:\Academic\Semester_7\CO528\Mini Project\decp-platform\backend\events-service\node_modules\sequelize\src\dialects\postgres\connection-manager.js:196:24)
    at Client._handleErrorWhileConnecting (E:\Academic\Semester_7\CO528\Mini Project\decp-platform\backend\events-service\node_modules\pg\lib\client.js:379:19)
    at Client._handleErrorMessage (E:\Academic\Semester_7\CO528\Mini Project\decp-platform\backend\events-service\node_modules\pg\lib\client.js:399:19)
    at Connection.emit (node:events:524:28)
    at E:\Academic\Semester_7\CO528\Mini Project\decp-platform\backend\events-service\node_modules\pg\lib\connection.js:115:12
    at Parser.parse (E:\Academic\Semester_7\CO528\Mini Project\decp-platform\backend\events-service\node_modules\pg-protocol\src\parser.ts:106:9)
    at Socket.<anonymous> (E:\Academic\Semester_7\CO528\Mini Project\decp-platform\backend\events-service\node_modules\pg-protocol\src\index.ts:7:48)
    at Socket.emit (node:events:524:28)
    at addChunk (node:internal/streams/readable:561:12)
    at readableAddChunkPushByteMode (node:internal/streams/readable:512:3)
2026-03-01 15:18:19 [EVENTS-SERVICE] [error]: ❌ Unable to start server: password authentication failed for user "postgres" {"name":"SequelizeConnectionError","parent":{"length":104,"name":"error","severity":"FATAL","code":"28P01","file":"auth.c","line":"320","routine":"auth_failed"},"original":{"length":104,"name":"error","severity":"FATAL","code":"28P01","file":"auth.c","line":"320","routine":"auth_failed"}}
SequelizeConnectionError: password authentication failed for user "postgres"
    at Client._connectionCallback (E:\Academic\Semester_7\CO528\Mini Project\decp-platform\backend\events-service\node_modules\sequelize\src\dialects\postgres\connection-manager.js:196:24)
    at Client._handleErrorWhileConnecting (E:\Academic\Semester_7\CO528\Mini Project\decp-platform\backend\events-service\node_modules\pg\lib\client.js:379:19)
    at Client._handleErrorMessage (E:\Academic\Semester_7\CO528\Mini Project\decp-platform\backend\events-service\node_modules\pg\lib\client.js:399:19)
    at Connection.emit (node:events:524:28)
    at E:\Academic\Semester_7\CO528\Mini Project\decp-platform\backend\events-service\node_modules\pg\lib\connection.js:115:12
    at Parser.parse (E:\Academic\Semester_7\CO528\Mini Project\decp-platform\backend\events-service\node_modules\pg-protocol\src\parser.ts:106:9)
    at Socket.<anonymous> (E:\Academic\Semester_7\CO528\Mini Project\decp-platform\backend\events-service\node_modules\pg-protocol\src\index.ts:7:48)
    at Socket.emit (node:events:524:28)
    at addChunk (node:internal/streams/readable:561:12)
    at readableAddChunkPushByteMode (node:internal/streams/readable:512:3)
2026-03-01 15:22:09 [EVENTS-SERVICE] [error]: ❌ Unable to start server: password authentication failed for user "postgres" {"name":"SequelizeConnectionError","parent":{"length":104,"name":"error","severity":"FATAL","code":"28P01","file":"auth.c","line":"320","routine":"auth_failed"},"original":{"length":104,"name":"error","severity":"FATAL","code":"28P01","file":"auth.c","line":"320","routine":"auth_failed"}}
SequelizeConnectionError: password authentication failed for user "postgres"
    at Client._connectionCallback (E:\Academic\Semester_7\CO528\Mini Project\decp-platform\backend\events-service\node_modules\sequelize\src\dialects\postgres\connection-manager.js:196:24)
    at Client._handleErrorWhileConnecting (E:\Academic\Semester_7\CO528\Mini Project\decp-platform\backend\events-service\node_modules\pg\lib\client.js:379:19)
    at Client._handleErrorMessage (E:\Academic\Semester_7\CO528\Mini Project\decp-platform\backend\events-service\node_modules\pg\lib\client.js:399:19)
    at Connection.emit (node:events:524:28)
    at E:\Academic\Semester_7\CO528\Mini Project\decp-platform\backend\events-service\node_modules\pg\lib\connection.js:115:12
    at Parser.parse (E:\Academic\Semester_7\CO528\Mini Project\decp-platform\backend\events-service\node_modules\pg-protocol\src\parser.ts:106:9)
    at Socket.<anonymous> (E:\Academic\Semester_7\CO528\Mini Project\decp-platform\backend\events-service\node_modules\pg-protocol\src\index.ts:7:48)
    at Socket.emit (node:events:524:28)
    at addChunk (node:internal/streams/readable:561:12)
    at readableAddChunkPushByteMode (node:internal/streams/readable:512:3)
2026-03-01 15:28:12 [EVENTS-SERVICE] [error]: ❌ Unable to start server: password authentication failed for user "postgres" {"name":"SequelizeConnectionError","parent":{"length":104,"name":"error","severity":"FATAL","code":"28P01","file":"auth.c","line":"320","routine":"auth_failed"},"original":{"length":104,"name":"error","severity":"FATAL","code":"28P01","file":"auth.c","line":"320","routine":"auth_failed"}}
SequelizeConnectionError: password authentication failed for user "postgres"
    at Client._connectionCallback (E:\Academic\Semester_7\CO528\Mini Project\decp-platform\backend\events-service\node_modules\sequelize\src\dialects\postgres\connection-manager.js:196:24)
    at Client._handleErrorWhileConnecting (E:\Academic\Semester_7\CO528\Mini Project\decp-platform\backend\events-service\node_modules\pg\lib\client.js:379:19)
    at Client._handleErrorMessage (E:\Academic\Semester_7\CO528\Mini Project\decp-platform\backend\events-service\node_modules\pg\lib\client.js:399:19)
    at Connection.emit (node:events:524:28)
    at E:\Academic\Semester_7\CO528\Mini Project\decp-platform\backend\events-service\node_modules\pg\lib\connection.js:115:12
    at Parser.parse (E:\Academic\Semester_7\CO528\Mini Project\decp-platform\backend\events-service\node_modules\pg-protocol\src\parser.ts:106:9)
    at Socket.<anonymous> (E:\Academic\Semester_7\CO528\Mini Project\decp-platform\backend\events-service\node_modules\pg-protocol\src\index.ts:7:48)
    at Socket.emit (node:events:524:28)
    at addChunk (node:internal/streams/readable:561:12)
    at readableAddChunkPushByteMode (node:internal/streams/readable:512:3)
2026-03-01 15:33:16 [EVENTS-SERVICE] [error]: ❌ Unable to start server: password authentication failed for user "postgres" {"name":"SequelizeConnectionError","parent":{"length":104,"name":"error","severity":"FATAL","code":"28P01","file":"auth.c","line":"320","routine":"auth_failed"},"original":{"length":104,"name":"error","severity":"FATAL","code":"28P01","file":"auth.c","line":"320","routine":"auth_failed"}}
SequelizeConnectionError: password authentication failed for user "postgres"
    at Client._connectionCallback (E:\Academic\Semester_7\CO528\Mini Project\decp-platform\backend\events-service\node_modules\sequelize\src\dialects\postgres\connection-manager.js:196:24)
    at Client._handleErrorWhileConnecting (E:\Academic\Semester_7\CO528\Mini Project\decp-platform\backend\events-service\node_modules\pg\lib\client.js:379:19)
    at Client._handleErrorMessage (E:\Academic\Semester_7\CO528\Mini Project\decp-platform\backend\events-service\node_modules\pg\lib\client.js:399:19)
    at Connection.emit (node:events:524:28)
    at E:\Academic\Semester_7\CO528\Mini Project\decp-platform\backend\events-service\node_modules\pg\lib\connection.js:115:12
    at Parser.parse (E:\Academic\Semester_7\CO528\Mini Project\decp-platform\backend\events-service\node_modules\pg-protocol\src\parser.ts:106:9)
    at Socket.<anonymous> (E:\Academic\Semester_7\CO528\Mini Project\decp-platform\backend\events-service\node_modules\pg-protocol\src\index.ts:7:48)
    at Socket.emit (node:events:524:28)
    at addChunk (node:internal/streams/readable:561:12)
    at readableAddChunkPushByteMode (node:internal/streams/readable:512:3)
2026-03-01 15:51:46 [EVENTS-SERVICE] [error]: ❌ Unable to start server: database "decp_events" does not exist {"name":"SequelizeConnectionError","parent":{"length":97,"name":"error","severity":"FATAL","code":"3D000","file":"postinit.c","line":"1016","routine":"InitPostgres"},"original":{"length":97,"name":"error","severity":"FATAL","code":"3D000","file":"postinit.c","line":"1016","routine":"InitPostgres"}}
SequelizeConnectionError: database "decp_events" does not exist
    at Client._connectionCallback (E:\Academic\Semester_7\CO528\Mini Project\decp-platform\backend\events-service\node_modules\sequelize\src\dialects\postgres\connection-manager.js:196:24)
    at Client._handleErrorWhileConnecting (E:\Academic\Semester_7\CO528\Mini Project\decp-platform\backend\events-service\node_modules\pg\lib\client.js:379:19)
    at Client._handleErrorMessage (E:\Academic\Semester_7\CO528\Mini Project\decp-platform\backend\events-service\node_modules\pg\lib\client.js:399:19)
    at Connection.emit (node:events:524:28)
    at E:\Academic\Semester_7\CO528\Mini Project\decp-platform\backend\events-service\node_modules\pg\lib\connection.js:115:12
    at Parser.parse (E:\Academic\Semester_7\CO528\Mini Project\decp-platform\backend\events-service\node_modules\pg-protocol\src\parser.ts:106:9)
    at Socket.<anonymous> (E:\Academic\Semester_7\CO528\Mini Project\decp-platform\backend\events-service\node_modules\pg-protocol\src\index.ts:7:48)
    at Socket.emit (node:events:524:28)
    at addChunk (node:internal/streams/readable:561:12)
    at readableAddChunkPushByteMode (node:internal/streams/readable:512:3)
2026-03-01 15:52:54 [EVENTS-SERVICE] [error]: ❌ Unable to start server: database "decp_events" does not exist {"name":"SequelizeConnectionError","parent":{"length":97,"name":"error","severity":"FATAL","code":"3D000","file":"postinit.c","line":"1016","routine":"InitPostgres"},"original":{"length":97,"name":"error","severity":"FATAL","code":"3D000","file":"postinit.c","line":"1016","routine":"InitPostgres"}}
SequelizeConnectionError: database "decp_events" does not exist
    at Client._connectionCallback (E:\Academic\Semester_7\CO528\Mini Project\decp-platform\backend\events-service\node_modules\sequelize\src\dialects\postgres\connection-manager.js:196:24)
    at Client._handleErrorWhileConnecting (E:\Academic\Semester_7\CO528\Mini Project\decp-platform\backend\events-service\node_modules\pg\lib\client.js:379:19)
    at Client._handleErrorMessage (E:\Academic\Semester_7\CO528\Mini Project\decp-platform\backend\events-service\node_modules\pg\lib\client.js:399:19)
    at Connection.emit (node:events:524:28)
    at E:\Academic\Semester_7\CO528\Mini Project\decp-platform\backend\events-service\node_modules\pg\lib\connection.js:115:12
    at Parser.parse (E:\Academic\Semester_7\CO528\Mini Project\decp-platform\backend\events-service\node_modules\pg-protocol\src\parser.ts:106:9)
    at Socket.<anonymous> (E:\Academic\Semester_7\CO528\Mini Project\decp-platform\backend\events-service\node_modules\pg-protocol\src\index.ts:7:48)
    at Socket.emit (node:events:524:28)
    at addChunk (node:internal/streams/readable:561:12)
    at readableAddChunkPushByteMode (node:internal/streams/readable:512:3)
2026-03-01 15:55:32 [EVENTS-SERVICE] [error]: ❌ Unable to start server: database "decp_events" does not exist {"name":"SequelizeConnectionError","parent":{"length":97,"name":"error","severity":"FATAL","code":"3D000","file":"postinit.c","line":"1016","routine":"InitPostgres"},"original":{"length":97,"name":"error","severity":"FATAL","code":"3D000","file":"postinit.c","line":"1016","routine":"InitPostgres"}}
SequelizeConnectionError: database "decp_events" does not exist
    at Client._connectionCallback (E:\Academic\Semester_7\CO528\Mini Project\decp-platform\backend\events-service\node_modules\sequelize\src\dialects\postgres\connection-manager.js:196:24)
    at Client._handleErrorWhileConnecting (E:\Academic\Semester_7\CO528\Mini Project\decp-platform\backend\events-service\node_modules\pg\lib\client.js:379:19)
    at Client._handleErrorMessage (E:\Academic\Semester_7\CO528\Mini Project\decp-platform\backend\events-service\node_modules\pg\lib\client.js:399:19)
    at Connection.emit (node:events:524:28)
    at E:\Academic\Semester_7\CO528\Mini Project\decp-platform\backend\events-service\node_modules\pg\lib\connection.js:115:12
    at Parser.parse (E:\Academic\Semester_7\CO528\Mini Project\decp-platform\backend\events-service\node_modules\pg-protocol\src\parser.ts:106:9)
    at Socket.<anonymous> (E:\Academic\Semester_7\CO528\Mini Project\decp-platform\backend\events-service\node_modules\pg-protocol\src\index.ts:7:48)
    at Socket.emit (node:events:524:28)
    at addChunk (node:internal/streams/readable:561:12)
    at readableAddChunkPushByteMode (node:internal/streams/readable:512:3)
2026-03-01 16:08:55 [EVENTS-SERVICE] [error]: ❌ Unable to start server: connect ETIMEDOUT 172.17.0.2:5432 {"name":"SequelizeConnectionError","parent":{"errno":-4039,"code":"ETIMEDOUT","syscall":"connect","address":"172.17.0.2","port":5432},"original":{"errno":-4039,"code":"ETIMEDOUT","syscall":"connect","address":"172.17.0.2","port":5432}}
SequelizeConnectionError: connect ETIMEDOUT 172.17.0.2:5432
    at Client._connectionCallback (E:\Academic\Semester_7\CO528\Mini Project\decp-platform\backend\events-service\node_modules\sequelize\src\dialects\postgres\connection-manager.js:196:24)
    at Client._handleErrorWhileConnecting (E:\Academic\Semester_7\CO528\Mini Project\decp-platform\backend\events-service\node_modules\pg\lib\client.js:379:19)
    at Client._handleErrorEvent (E:\Academic\Semester_7\CO528\Mini Project\decp-platform\backend\events-service\node_modules\pg\lib\client.js:389:19)
    at Connection.emit (node:events:524:28)
    at Socket.reportStreamError (E:\Academic\Semester_7\CO528\Mini Project\decp-platform\backend\events-service\node_modules\pg\lib\connection.js:56:12)
    at Socket.emit (node:events:524:28)
    at emitErrorNT (node:internal/streams/destroy:170:8)
    at emitErrorCloseNT (node:internal/streams/destroy:129:3)
    at processTicksAndRejections (node:internal/process/task_queues:90:21)
2026-03-01 16:21:23 [EVENTS-SERVICE] [info]: ✅ Database connected.
2026-03-01 16:21:23 [EVENTS-SERVICE] [info]: ✅ Database synchronized.
2026-03-01 16:21:23 [EVENTS-SERVICE] [info]: 📅 Events Service running on port 3005
2026-03-01 16:49:00 [EVENTS-SERVICE] [info]: ✅ Database connected.
2026-03-01 16:49:00 [EVENTS-SERVICE] [info]: ✅ Database synchronized.
2026-03-01 16:51:04 [EVENTS-SERVICE] [info]: ✅ Database connected.
2026-03-01 16:51:04 [EVENTS-SERVICE] [info]: ✅ Database synchronized.
2026-03-01 16:51:04 [EVENTS-SERVICE] [info]: 📅 Events Service running on port 3005
2026-03-01 16:59:43 [EVENTS-SERVICE] [info]: ✅ Database connected.
2026-03-01 16:59:44 [EVENTS-SERVICE] [info]: ✅ Database synchronized.
2026-03-01 16:59:44 [EVENTS-SERVICE] [info]: 📅 Events Service running on port 3005
2026-03-01 17:31:39 [EVENTS-SERVICE] [info]: ✅ Database connected.
2026-03-01 17:31:39 [EVENTS-SERVICE] [info]: ✅ Database synchronized.
2026-03-01 17:31:39 [EVENTS-SERVICE] [info]: 📅 Events Service running on port 3005
2026-03-01 17:31:51 [EVENTS-SERVICE] [error]: Get event error: invalid input syntax for type uuid: "events" {"name":"SequelizeDatabaseError","parent":{"length":106,"name":"error","severity":"ERROR","code":"22P02","position":"659","file":"uuid.c","line":"133","routine":"string_to_uuid","sql":"SELECT \"Event\".\"id\", \"Event\".\"title\", \"Event\".\"description\", \"Event\".\"type\", \"Event\".\"startDate\", \"Event\".\"endDate\", \"Event\".\"location\", \"Event\".\"isVirtual\", \"Event\".\"meetingLink\", \"Event\".\"organizerId\", \"Event\".\"capacity\", \"Event\".\"imageUrl\", \"Event\".\"status\", \"Event\".\"tags\", \"Event\".\"createdAt\", \"Event\".\"updatedAt\", \"rsvps\".\"id\" AS \"rsvps.id\", \"rsvps\".\"eventId\" AS \"rsvps.eventId\", \"rsvps\".\"userId\" AS \"rsvps.userId\", \"rsvps\".\"status\" AS \"rsvps.status\", \"rsvps\".\"createdAt\" AS \"rsvps.createdAt\", \"rsvps\".\"updatedAt\" AS \"rsvps.updatedAt\" FROM \"events\" AS \"Event\" LEFT OUTER JOIN \"rsvps\" AS \"rsvps\" ON \"Event\".\"id\" = \"rsvps\".\"eventId\" WHERE \"Event\".\"id\" = 'events';"},"original":{"length":106,"name":"error","severity":"ERROR","code":"22P02","position":"659","file":"uuid.c","line":"133","routine":"string_to_uuid","sql":"SELECT \"Event\".\"id\", \"Event\".\"title\", \"Event\".\"description\", \"Event\".\"type\", \"Event\".\"startDate\", \"Event\".\"endDate\", \"Event\".\"location\", \"Event\".\"isVirtual\", \"Event\".\"meetingLink\", \"Event\".\"organizerId\", \"Event\".\"capacity\", \"Event\".\"imageUrl\", \"Event\".\"status\", \"Event\".\"tags\", \"Event\".\"createdAt\", \"Event\".\"updatedAt\", \"rsvps\".\"id\" AS \"rsvps.id\", \"rsvps\".\"eventId\" AS \"rsvps.eventId\", \"rsvps\".\"userId\" AS \"rsvps.userId\", \"rsvps\".\"status\" AS \"rsvps.status\", \"rsvps\".\"createdAt\" AS \"rsvps.createdAt\", \"rsvps\".\"updatedAt\" AS \"rsvps.updatedAt\" FROM \"events\" AS \"Event\" LEFT OUTER JOIN \"rsvps\" AS \"rsvps\" ON \"Event\".\"id\" = \"rsvps\".\"eventId\" WHERE \"Event\".\"id\" = 'events';"},"sql":"SELECT \"Event\".\"id\", \"Event\".\"title\", \"Event\".\"description\", \"Event\".\"type\", \"Event\".\"startDate\", \"Event\".\"endDate\", \"Event\".\"location\", \"Event\".\"isVirtual\", \"Event\".\"meetingLink\", \"Event\".\"organizerId\", \"Event\".\"capacity\", \"Event\".\"imageUrl\", \"Event\".\"status\", \"Event\".\"tags\", \"Event\".\"createdAt\", \"Event\".\"updatedAt\", \"rsvps\".\"id\" AS \"rsvps.id\", \"rsvps\".\"eventId\" AS \"rsvps.eventId\", \"rsvps\".\"userId\" AS \"rsvps.userId\", \"rsvps\".\"status\" AS \"rsvps.status\", \"rsvps\".\"createdAt\" AS \"rsvps.createdAt\", \"rsvps\".\"updatedAt\" AS \"rsvps.updatedAt\" FROM \"events\" AS \"Event\" LEFT OUTER JOIN \"rsvps\" AS \"rsvps\" ON \"Event\".\"id\" = \"rsvps\".\"eventId\" WHERE \"Event\".\"id\" = 'events';","parameters":{}}
Error: 
    at Query.run (E:\Academic\Semester_7\CO528\Mini Project\decp-platform\backend\events-service\node_modules\sequelize\src\dialects\postgres\query.js:76:25)
    at E:\Academic\Semester_7\CO528\Mini Project\decp-platform\backend\events-service\node_modules\sequelize\src\sequelize.js:650:28
    at processTicksAndRejections (node:internal/process/task_queues:105:5)
    at PostgresQueryInterface.select (E:\Academic\Semester_7\CO528\Mini Project\decp-platform\backend\events-service\node_modules\sequelize\src\dialects\abstract\query-interface.js:1001:12)
    at Function.findAll (E:\Academic\Semester_7\CO528\Mini Project\decp-platform\backend\events-service\node_modules\sequelize\src\model.js:1824:21)
    at Function.findOne (E:\Academic\Semester_7\CO528\Mini Project\decp-platform\backend\events-service\node_modules\sequelize\src\model.js:1998:12)
    at Function.findByPk (E:\Academic\Semester_7\CO528\Mini Project\decp-platform\backend\events-service\node_modules\sequelize\src\model.js:1955:12)
    at getEvent (E:\Academic\Semester_7\CO528\Mini Project\decp-platform\backend\events-service\src\controllers\eventController.ts:54:19)
2026-03-01 17:45:07 [EVENTS-SERVICE] [info]: ✅ Database connected.
2026-03-01 17:45:07 [EVENTS-SERVICE] [info]: ✅ Database synchronized.
2026-03-01 17:45:07 [EVENTS-SERVICE] [info]: 📅 Events Service running on port 3005
2026-03-01 18:18:24 [EVENTS-SERVICE] [info]: ✅ Database connected.
2026-03-01 18:18:25 [EVENTS-SERVICE] [info]: ✅ Database synchronized.
2026-03-01 18:18:25 [EVENTS-SERVICE] [info]: 📅 Events Service running on port 3005
2026-03-01 18:45:42 [EVENTS-SERVICE] [info]: ✅ Database connected.
2026-03-01 18:45:42 [EVENTS-SERVICE] [info]: ✅ Database synchronized.
2026-03-01 18:45:42 [EVENTS-SERVICE] [info]: 📅 Events Service running on port 3005
2026-03-01 18:54:31 [EVENTS-SERVICE] [error]: ❌ Unable to start server: {"name":"SequelizeConnectionRefusedError","parent":{"code":"ECONNREFUSED"},"original":{"code":"ECONNREFUSED"}}
SequelizeConnectionRefusedError: 
    at Client._connectionCallback (E:\Academic\Semester_7\CO528\Mini Project\decp-platform\backend\events-service\node_modules\sequelize\src\dialects\postgres\connection-manager.js:184:24)
    at Client._handleErrorWhileConnecting (E:\Academic\Semester_7\CO528\Mini Project\decp-platform\backend\events-service\node_modules\pg\lib\client.js:379:19)
    at Client._handleErrorEvent (E:\Academic\Semester_7\CO528\Mini Project\decp-platform\backend\events-service\node_modules\pg\lib\client.js:389:19)
    at Connection.emit (node:events:524:28)
    at Socket.reportStreamError (E:\Academic\Semester_7\CO528\Mini Project\decp-platform\backend\events-service\node_modules\pg\lib\connection.js:56:12)
    at Socket.emit (node:events:524:28)
    at emitErrorNT (node:internal/streams/destroy:170:8)
    at emitErrorCloseNT (node:internal/streams/destroy:129:3)
    at processTicksAndRejections (node:internal/process/task_queues:90:21)
2026-03-01 18:58:58 [EVENTS-SERVICE] [error]: ❌ Unable to start server: {"name":"SequelizeConnectionRefusedError","parent":{"code":"ECONNREFUSED"},"original":{"code":"ECONNREFUSED"}}
SequelizeConnectionRefusedError: 
    at Client._connectionCallback (E:\Academic\Semester_7\CO528\Mini Project\decp-platform\backend\events-service\node_modules\sequelize\src\dialects\postgres\connection-manager.js:184:24)
    at Client._handleErrorWhileConnecting (E:\Academic\Semester_7\CO528\Mini Project\decp-platform\backend\events-service\node_modules\pg\lib\client.js:379:19)
    at Client._handleErrorEvent (E:\Academic\Semester_7\CO528\Mini Project\decp-platform\backend\events-service\node_modules\pg\lib\client.js:389:19)
    at Connection.emit (node:events:524:28)
    at Socket.reportStreamError (E:\Academic\Semester_7\CO528\Mini Project\decp-platform\backend\events-service\node_modules\pg\lib\connection.js:56:12)
    at Socket.emit (node:events:524:28)
    at emitErrorNT (node:internal/streams/destroy:170:8)
    at emitErrorCloseNT (node:internal/streams/destroy:129:3)
    at processTicksAndRejections (node:internal/process/task_queues:90:21)
2026-03-01 19:03:24 [EVENTS-SERVICE] [error]: ❌ Unable to start server: {"name":"SequelizeConnectionRefusedError","parent":{"code":"ECONNREFUSED"},"original":{"code":"ECONNREFUSED"}}
SequelizeConnectionRefusedError: 
    at Client._connectionCallback (e:\Academic\Semester_7\CO528\Mini Project\decp-platform\backend\events-service\node_modules\sequelize\src\dialects\postgres\connection-manager.js:184:24)
    at Client._handleErrorWhileConnecting (e:\Academic\Semester_7\CO528\Mini Project\decp-platform\backend\events-service\node_modules\pg\lib\client.js:379:19)
    at Client._handleErrorEvent (e:\Academic\Semester_7\CO528\Mini Project\decp-platform\backend\events-service\node_modules\pg\lib\client.js:389:19)
    at Connection.emit (node:events:524:28)
    at Socket.reportStreamError (e:\Academic\Semester_7\CO528\Mini Project\decp-platform\backend\events-service\node_modules\pg\lib\connection.js:56:12)
    at Socket.emit (node:events:524:28)
    at emitErrorNT (node:internal/streams/destroy:170:8)
    at emitErrorCloseNT (node:internal/streams/destroy:129:3)
    at processTicksAndRejections (node:internal/process/task_queues:90:21)
2026-03-01 19:06:47 [EVENTS-SERVICE] [info]: ✅ Database connected.
2026-03-01 19:06:47 [EVENTS-SERVICE] [info]: ✅ Database connected.
2026-03-01 19:06:47 [EVENTS-SERVICE] [info]: ✅ Database synchronized.
2026-03-01 19:06:47 [EVENTS-SERVICE] [info]: 📅 Events Service running on port 3005
2026-03-01 19:06:47 [EVENTS-SERVICE] [info]: ✅ Database synchronized.
2026-03-01 19:10:06 [EVENTS-SERVICE] [info]: ✅ Database connected.
2026-03-01 19:10:07 [EVENTS-SERVICE] [info]: ✅ Database synchronized.
2026-03-01 19:10:07 [EVENTS-SERVICE] [info]: 📅 Events Service running on port 3005
2026-03-01 19:47:19 [EVENTS-SERVICE] [info]: ✅ Database connected.
2026-03-01 19:47:19 [EVENTS-SERVICE] [info]: ✅ Database synchronized.
2026-03-01 19:49:04 [EVENTS-SERVICE] [info]: ✅ Database connected.
2026-03-01 19:49:04 [EVENTS-SERVICE] [info]: ✅ Database synchronized.
2026-03-01 19:49:04 [EVENTS-SERVICE] [info]: 📅 Events Service running on port 3005
2026-03-01 19:50:27 [EVENTS-SERVICE] [info]: ✅ Database connected.
2026-03-01 19:50:27 [EVENTS-SERVICE] [info]: ✅ Database synchronized.
2026-03-01 19:50:27 [EVENTS-SERVICE] [info]: 📅 Events Service running on port 3005
2026-03-01 19:54:28 [EVENTS-SERVICE] [info]: ✅ Database connected.
2026-03-01 19:54:28 [EVENTS-SERVICE] [info]: ✅ Database synchronized.
2026-03-01 19:54:28 [EVENTS-SERVICE] [info]: 📅 Events Service running on port 3005
2026-03-01 19:58:56 [EVENTS-SERVICE] [info]: ✅ Database connected.
2026-03-01 19:58:57 [EVENTS-SERVICE] [info]: ✅ Database synchronized.
2026-03-01 19:58:57 [EVENTS-SERVICE] [info]: 📅 Events Service running on port 3005
2026-03-01 20:24:27 [EVENTS-SERVICE] [info]: ✅ Database connected.
2026-03-01 20:24:27 [EVENTS-SERVICE] [info]: ✅ Database synchronized.
2026-03-01 20:24:27 [EVENTS-SERVICE] [info]: 📅 Events Service running on port 3005
2026-03-01 20:28:07 [EVENTS-SERVICE] [info]: ✅ Database connected.
2026-03-01 20:28:08 [EVENTS-SERVICE] [info]: ✅ Database synchronized.
2026-03-01 20:28:08 [EVENTS-SERVICE] [info]: 📅 Events Service running on port 3005
2026-03-01 20:36:25 [EVENTS-SERVICE] [info]: ✅ Database connected.
2026-03-01 20:36:25 [EVENTS-SERVICE] [info]: ✅ Database synchronized.
2026-03-01 20:36:25 [EVENTS-SERVICE] [info]: 📅 Events Service running on port 3005
2026-03-01 20:41:27 [EVENTS-SERVICE] [info]: ✅ Database connected.
2026-03-01 20:41:28 [EVENTS-SERVICE] [info]: ✅ Database synchronized.
2026-03-01 20:41:28 [EVENTS-SERVICE] [info]: 📅 Events Service running on port 3005
2026-03-01 20:54:24 [EVENTS-SERVICE] [info]: ✅ Database connected.
2026-03-01 20:54:25 [EVENTS-SERVICE] [info]: ✅ Database synchronized.
2026-03-01 20:54:25 [EVENTS-SERVICE] [info]: 📅 Events Service running on port 3005
2026-03-01 21:03:25 [EVENTS-SERVICE] [info]: ✅ Database connected.
2026-03-01 21:03:26 [EVENTS-SERVICE] [info]: ✅ Database synchronized.
2026-03-01 21:03:26 [EVENTS-SERVICE] [info]: 📅 Events Service running on port 3005
2026-03-01 21:09:58 [EVENTS-SERVICE] [info]: ✅ Database connected.
2026-03-01 21:09:59 [EVENTS-SERVICE] [info]: ✅ Database synchronized.
2026-03-01 21:09:59 [EVENTS-SERVICE] [info]: 📅 Events Service running on port 3005
2026-03-01 21:16:42 [EVENTS-SERVICE] [info]: ✅ Database connected.
2026-03-01 21:16:43 [EVENTS-SERVICE] [info]: ✅ Database synchronized.
2026-03-01 21:16:43 [EVENTS-SERVICE] [info]: 📅 Events Service running on port 3005
2026-03-01 21:30:06 [EVENTS-SERVICE] [info]: ✅ Database connected.
2026-03-01 21:30:07 [EVENTS-SERVICE] [info]: ✅ Database synchronized.
2026-03-01 21:30:07 [EVENTS-SERVICE] [info]: 📅 Events Service running on port 3005
2026-03-01 21:42:01 [EVENTS-SERVICE] [info]: ✅ Database connected.
2026-03-01 21:42:01 [EVENTS-SERVICE] [info]: ✅ Database synchronized.
2026-03-01 21:42:01 [EVENTS-SERVICE] [info]: 📅 Events Service running on port 3005
2026-03-02 21:33:13 [EVENTS-SERVICE] [error]: ❌ Unable to start server: password authentication failed for user "postgres" {"name":"SequelizeConnectionError","parent":{"length":104,"name":"error","severity":"FATAL","code":"28P01","file":"auth.c","line":"320","routine":"auth_failed"},"original":{"length":104,"name":"error","severity":"FATAL","code":"28P01","file":"auth.c","line":"320","routine":"auth_failed"}}
SequelizeConnectionError: password authentication failed for user "postgres"
    at Client._connectionCallback (E:\Academic\Semester_7\CO528\Mini Project\decp-platform\backend\events-service\node_modules\sequelize\src\dialects\postgres\connection-manager.js:196:24)
    at Client._handleErrorWhileConnecting (E:\Academic\Semester_7\CO528\Mini Project\decp-platform\backend\events-service\node_modules\pg\lib\client.js:379:19)
    at Client._handleErrorMessage (E:\Academic\Semester_7\CO528\Mini Project\decp-platform\backend\events-service\node_modules\pg\lib\client.js:399:19)
    at Connection.emit (node:events:524:28)
    at E:\Academic\Semester_7\CO528\Mini Project\decp-platform\backend\events-service\node_modules\pg\lib\connection.js:115:12
    at Parser.parse (E:\Academic\Semester_7\CO528\Mini Project\decp-platform\backend\events-service\node_modules\pg-protocol\src\parser.ts:106:9)
    at Socket.<anonymous> (E:\Academic\Semester_7\CO528\Mini Project\decp-platform\backend\events-service\node_modules\pg-protocol\src\index.ts:7:48)
    at Socket.emit (node:events:524:28)
    at addChunk (node:internal/streams/readable:561:12)
    at readableAddChunkPushByteMode (node:internal/streams/readable:512:3)
2026-03-02 21:38:12 [EVENTS-SERVICE] [error]: ❌ Unable to start server: database "decp_events" does not exist {"name":"SequelizeConnectionError","parent":{"length":97,"name":"error","severity":"FATAL","code":"3D000","file":"postinit.c","line":"1016","routine":"InitPostgres"},"original":{"length":97,"name":"error","severity":"FATAL","code":"3D000","file":"postinit.c","line":"1016","routine":"InitPostgres"}}
SequelizeConnectionError: database "decp_events" does not exist
    at Client._connectionCallback (E:\Academic\Semester_7\CO528\Mini Project\decp-platform\backend\events-service\node_modules\sequelize\src\dialects\postgres\connection-manager.js:196:24)
    at Client._handleErrorWhileConnecting (E:\Academic\Semester_7\CO528\Mini Project\decp-platform\backend\events-service\node_modules\pg\lib\client.js:379:19)
    at Client._handleErrorMessage (E:\Academic\Semester_7\CO528\Mini Project\decp-platform\backend\events-service\node_modules\pg\lib\client.js:399:19)
    at Connection.emit (node:events:524:28)
    at E:\Academic\Semester_7\CO528\Mini Project\decp-platform\backend\events-service\node_modules\pg\lib\connection.js:115:12
    at Parser.parse (E:\Academic\Semester_7\CO528\Mini Project\decp-platform\backend\events-service\node_modules\pg-protocol\src\parser.ts:106:9)
    at Socket.<anonymous> (E:\Academic\Semester_7\CO528\Mini Project\decp-platform\backend\events-service\node_modules\pg-protocol\src\index.ts:7:48)
    at Socket.emit (node:events:524:28)
    at addChunk (node:internal/streams/readable:561:12)
    at readableAddChunkPushByteMode (node:internal/streams/readable:512:3)
2026-03-02 21:40:17 [EVENTS-SERVICE] [error]: ❌ Unable to start server: database "decp_events" does not exist {"name":"SequelizeConnectionError","parent":{"length":97,"name":"error","severity":"FATAL","code":"3D000","file":"postinit.c","line":"1016","routine":"InitPostgres"},"original":{"length":97,"name":"error","severity":"FATAL","code":"3D000","file":"postinit.c","line":"1016","routine":"InitPostgres"}}
SequelizeConnectionError: database "decp_events" does not exist
    at Client._connectionCallback (E:\Academic\Semester_7\CO528\Mini Project\decp-platform\backend\events-service\node_modules\sequelize\src\dialects\postgres\connection-manager.js:196:24)
    at Client._handleErrorWhileConnecting (E:\Academic\Semester_7\CO528\Mini Project\decp-platform\backend\events-service\node_modules\pg\lib\client.js:379:19)
    at Client._handleErrorMessage (E:\Academic\Semester_7\CO528\Mini Project\decp-platform\backend\events-service\node_modules\pg\lib\client.js:399:19)
    at Connection.emit (node:events:524:28)
    at E:\Academic\Semester_7\CO528\Mini Project\decp-platform\backend\events-service\node_modules\pg\lib\connection.js:115:12
    at Parser.parse (E:\Academic\Semester_7\CO528\Mini Project\decp-platform\backend\events-service\node_modules\pg-protocol\src\parser.ts:106:9)
    at Socket.<anonymous> (E:\Academic\Semester_7\CO528\Mini Project\decp-platform\backend\events-service\node_modules\pg-protocol\src\index.ts:7:48)
    at Socket.emit (node:events:524:28)
    at addChunk (node:internal/streams/readable:561:12)
    at readableAddChunkPushByteMode (node:internal/streams/readable:512:3)
2026-03-02 21:44:33 [EVENTS-SERVICE] [error]: ❌ Unable to start server: database "decp_events" does not exist {"name":"SequelizeConnectionError","parent":{"length":97,"name":"error","severity":"FATAL","code":"3D000","file":"postinit.c","line":"1016","routine":"InitPostgres"},"original":{"length":97,"name":"error","severity":"FATAL","code":"3D000","file":"postinit.c","line":"1016","routine":"InitPostgres"}}
SequelizeConnectionError: database "decp_events" does not exist
    at Client._connectionCallback (E:\Academic\Semester_7\CO528\Mini Project\decp-platform\backend\events-service\node_modules\sequelize\src\dialects\postgres\connection-manager.js:196:24)
    at Client._handleErrorWhileConnecting (E:\Academic\Semester_7\CO528\Mini Project\decp-platform\backend\events-service\node_modules\pg\lib\client.js:379:19)
    at Client._handleErrorMessage (E:\Academic\Semester_7\CO528\Mini Project\decp-platform\backend\events-service\node_modules\pg\lib\client.js:399:19)
    at Connection.emit (node:events:524:28)
    at E:\Academic\Semester_7\CO528\Mini Project\decp-platform\backend\events-service\node_modules\pg\lib\connection.js:115:12
    at Parser.parse (E:\Academic\Semester_7\CO528\Mini Project\decp-platform\backend\events-service\node_modules\pg-protocol\src\parser.ts:106:9)
    at Socket.<anonymous> (E:\Academic\Semester_7\CO528\Mini Project\decp-platform\backend\events-service\node_modules\pg-protocol\src\index.ts:7:48)
    at Socket.emit (node:events:524:28)
    at addChunk (node:internal/streams/readable:561:12)
    at readableAddChunkPushByteMode (node:internal/streams/readable:512:3)
2026-03-02 22:07:53 [EVENTS-SERVICE] [info]: ✅ Database connected.
2026-03-02 22:07:53 [EVENTS-SERVICE] [info]: ✅ Database synchronized.
2026-03-02 22:07:53 [EVENTS-SERVICE] [info]: 📅 Events Service running on port 3005
2026-03-02 22:31:04 [EVENTS-SERVICE] [info]: ✅ Database connected.
2026-03-02 22:31:05 [EVENTS-SERVICE] [info]: ✅ Database synchronized.
2026-03-02 22:35:31 [EVENTS-SERVICE] [info]: ✅ Database connected.
2026-03-02 22:35:32 [EVENTS-SERVICE] [info]: ✅ Database synchronized.
2026-03-02 22:35:32 [EVENTS-SERVICE] [info]: 📅 Events Service running on port 3005
2026-03-02 22:44:09 [EVENTS-SERVICE] [info]: ✅ Database connected.
2026-03-02 22:44:09 [EVENTS-SERVICE] [info]: ✅ Database synchronized.
2026-03-02 22:44:09 [EVENTS-SERVICE] [info]: 📅 Events Service running on port 3005
2026-03-02 22:54:34 [EVENTS-SERVICE] [info]: ✅ Database connected.
2026-03-02 22:54:34 [EVENTS-SERVICE] [info]: ✅ Database synchronized.
2026-03-02 22:54:34 [EVENTS-SERVICE] [info]: 📅 Events Service running on port 3005
2026-03-02 23:31:25 [EVENTS-SERVICE] [info]: ✅ Database connected.
2026-03-02 23:31:25 [EVENTS-SERVICE] [info]: ✅ Database synchronized.
2026-03-02 23:31:25 [EVENTS-SERVICE] [info]: 📅 Events Service running on port 3005
2026-03-02 23:36:17 [EVENTS-SERVICE] [info]: ✅ Database connected.
2026-03-02 23:36:17 [EVENTS-SERVICE] [info]: ✅ Database synchronized.
2026-03-02 23:36:17 [EVENTS-SERVICE] [info]: 📅 Events Service running on port 3005
2026-03-02 23:41:37 [EVENTS-SERVICE] [info]: ✅ Database connected.
2026-03-02 23:41:38 [EVENTS-SERVICE] [info]: ✅ Database synchronized.
2026-03-02 23:41:38 [EVENTS-SERVICE] [info]: 📅 Events Service running on port 3005
2026-03-03 06:48:25 [EVENTS-SERVICE] [info]: ✅ Database connected.
2026-03-03 06:48:25 [EVENTS-SERVICE] [info]: ✅ Database synchronized.
2026-03-03 06:52:13 [EVENTS-SERVICE] [info]: ✅ Database connected.
2026-03-03 06:52:13 [EVENTS-SERVICE] [info]: ✅ Database synchronized.
2026-03-03 06:52:13 [EVENTS-SERVICE] [info]: 📅 Events Service running on port 3005
2026-03-03 07:05:17 [EVENTS-SERVICE] [info]: ✅ Database connected.
2026-03-03 07:05:17 [EVENTS-SERVICE] [info]: ✅ Database synchronized.
2026-03-03 07:05:17 [EVENTS-SERVICE] [info]: 📅 Events Service running on port 3005
2026-03-03 07:26:24 [EVENTS-SERVICE] [info]: ✅ Database connected.
2026-03-03 07:26:24 [EVENTS-SERVICE] [info]: ✅ Database synchronized.
2026-03-03 07:26:24 [EVENTS-SERVICE] [info]: 📅 Events Service running on port 3005
2026-03-03 07:40:11 [EVENTS-SERVICE] [info]: ✅ Database connected.
2026-03-03 07:40:11 [EVENTS-SERVICE] [info]: ✅ Database synchronized.
2026-03-03 07:40:11 [EVENTS-SERVICE] [info]: 📅 Events Service running on port 3005
2026-03-03 08:08:32 [EVENTS-SERVICE] [info]: ✅ Database connected.
2026-03-03 08:08:32 [EVENTS-SERVICE] [info]: ✅ Database synchronized.
2026-03-03 08:08:32 [EVENTS-SERVICE] [info]: 📅 Events Service running on port 3005
2026-03-03 22:13:03 [EVENTS-SERVICE] [info]: ✅ Database connected.
2026-03-03 22:13:03 [EVENTS-SERVICE] [info]: ✅ Database synchronized.
2026-03-03 22:13:03 [EVENTS-SERVICE] [info]: 📅 Events Service running on port 3005
2026-03-03 22:46:49 [EVENTS-SERVICE] [info]: ✅ Database connected.
2026-03-03 22:46:49 [EVENTS-SERVICE] [info]: ✅ Database synchronized.
2026-03-03 22:46:49 [EVENTS-SERVICE] [info]: 📅 Events Service running on port 3005
2026-03-04 06:47:20 [EVENTS-SERVICE] [info]: ✅ Database connected.
2026-03-04 06:47:20 [EVENTS-SERVICE] [info]: ✅ Database synchronized.
2026-03-04 06:47:20 [EVENTS-SERVICE] [info]: 📅 Events Service running on port 3005
2026-03-04 06:56:11 [EVENTS-SERVICE] [info]: ✅ Database connected.
2026-03-04 06:56:11 [EVENTS-SERVICE] [info]: ✅ Database synchronized.
2026-03-04 06:56:11 [EVENTS-SERVICE] [info]: 📅 Events Service running on port 3005
2026-03-04 09:43:33 [EVENTS-SERVICE] [info]: ✅ Database connected.
2026-03-04 09:43:33 [EVENTS-SERVICE] [info]: ✅ Database synchronized.
2026-03-04 09:43:33 [EVENTS-SERVICE] [info]: 📅 Events Service running on port 3005
2026-03-04 10:16:05 [EVENTS-SERVICE] [info]: ✅ Database connected.
2026-03-04 10:16:05 [EVENTS-SERVICE] [info]: ✅ Database synchronized.
2026-03-04 10:16:05 [EVENTS-SERVICE] [info]: 📅 Events Service running on port 3005
2026-03-04 10:44:37 [EVENTS-SERVICE] [info]: ✅ Database connected.
2026-03-04 10:44:37 [EVENTS-SERVICE] [info]: ✅ Database synchronized.
2026-03-04 10:44:37 [EVENTS-SERVICE] [info]: 📅 Events Service running on port 3005
2026-03-04 10:53:43 [EVENTS-SERVICE] [info]: ✅ Database connected.
2026-03-04 10:53:43 [EVENTS-SERVICE] [info]: ✅ Database synchronized.
2026-03-04 10:53:43 [EVENTS-SERVICE] [info]: 📅 Events Service running on port 3005
2026-03-04 11:12:50 [EVENTS-SERVICE] [info]: ✅ Database connected.
2026-03-04 11:12:50 [EVENTS-SERVICE] [info]: ✅ Database synchronized.
2026-03-04 11:12:50 [EVENTS-SERVICE] [info]: 📅 Events Service running on port 3005
2026-03-04 11:26:19 [EVENTS-SERVICE] [info]: ✅ Database connected.
2026-03-04 11:26:19 [EVENTS-SERVICE] [info]: ✅ Database synchronized.
2026-03-04 11:26:19 [EVENTS-SERVICE] [info]: 📅 Events Service running on port 3005
2026-03-04 17:30:21 [EVENTS-SERVICE] [info]: ✅ Database connected.
2026-03-04 17:30:22 [EVENTS-SERVICE] [info]: ✅ Database synchronized.
2026-03-04 17:30:22 [EVENTS-SERVICE] [info]: 📅 Events Service running on port 3005
2026-03-04 22:15:11 [EVENTS-SERVICE] [info]: ✅ Database connected.
2026-03-04 22:15:11 [EVENTS-SERVICE] [info]: ✅ Database synchronized.
2026-03-04 22:15:11 [EVENTS-SERVICE] [info]: 📅 Events Service running on port 3005
2026-03-04 22:31:06 [EVENTS-SERVICE] [info]: ✅ Database connected.
2026-03-04 22:31:06 [EVENTS-SERVICE] [info]: ✅ Database synchronized.
2026-03-04 22:31:06 [EVENTS-SERVICE] [info]: 📅 Events Service running on port 3005
2026-03-04 23:16:10 [EVENTS-SERVICE] [info]: ✅ Database connected.
2026-03-04 23:16:10 [EVENTS-SERVICE] [info]: ✅ Database synchronized.
2026-03-04 23:16:10 [EVENTS-SERVICE] [info]: 📅 Events Service running on port 3005
