2026-03-01 14:49:32 [RESEARCH-SERVICE] [error]: ❌ Unable to start server: password authentication failed for user "postgres" {"name":"SequelizeConnectionError","parent":{"length":104,"name":"error","severity":"FATAL","code":"28P01","file":"auth.c","line":"320","routine":"auth_failed"},"original":{"length":104,"name":"error","severity":"FATAL","code":"28P01","file":"auth.c","line":"320","routine":"auth_failed"}}
SequelizeConnectionError: password authentication failed for user "postgres"
    at Client._connectionCallback (E:\Academic\Semester_7\CO528\Mini Project\decp-platform\backend\research-service\node_modules\sequelize\src\dialects\postgres\connection-manager.js:196:24)
    at Client._handleErrorWhileConnecting (E:\Academic\Semester_7\CO528\Mini Project\decp-platform\backend\research-service\node_modules\pg\lib\client.js:379:19)
    at Client._handleErrorMessage (E:\Academic\Semester_7\CO528\Mini Project\decp-platform\backend\research-service\node_modules\pg\lib\client.js:399:19)
    at Connection.emit (node:events:524:28)
    at E:\Academic\Semester_7\CO528\Mini Project\decp-platform\backend\research-service\node_modules\pg\lib\connection.js:115:12
    at Parser.parse (E:\Academic\Semester_7\CO528\Mini Project\decp-platform\backend\research-service\node_modules\pg-protocol\src\parser.ts:106:9)
    at Socket.<anonymous> (E:\Academic\Semester_7\CO528\Mini Project\decp-platform\backend\research-service\node_modules\pg-protocol\src\index.ts:7:48)
    at Socket.emit (node:events:524:28)
    at addChunk (node:internal/streams/readable:561:12)
    at readableAddChunkPushByteMode (node:internal/streams/readable:512:3)
2026-03-01 14:53:06 [RESEARCH-SERVICE] [error]: ❌ Unable to start server: password authentication failed for user "postgres" {"name":"SequelizeConnectionError","parent":{"length":104,"name":"error","severity":"FATAL","code":"28P01","file":"auth.c","line":"320","routine":"auth_failed"},"original":{"length":104,"name":"error","severity":"FATAL","code":"28P01","file":"auth.c","line":"320","routine":"auth_failed"}}
SequelizeConnectionError: password authentication failed for user "postgres"
    at Client._connectionCallback (E:\Academic\Semester_7\CO528\Mini Project\decp-platform\backend\research-service\node_modules\sequelize\src\dialects\postgres\connection-manager.js:196:24)
    at Client._handleErrorWhileConnecting (E:\Academic\Semester_7\CO528\Mini Project\decp-platform\backend\research-service\node_modules\pg\lib\client.js:379:19)
    at Client._handleErrorMessage (E:\Academic\Semester_7\CO528\Mini Project\decp-platform\backend\research-service\node_modules\pg\lib\client.js:399:19)
    at Connection.emit (node:events:524:28)
    at E:\Academic\Semester_7\CO528\Mini Project\decp-platform\backend\research-service\node_modules\pg\lib\connection.js:115:12
    at Parser.parse (E:\Academic\Semester_7\CO528\Mini Project\decp-platform\backend\research-service\node_modules\pg-protocol\src\parser.ts:106:9)
    at Socket.<anonymous> (E:\Academic\Semester_7\CO528\Mini Project\decp-platform\backend\research-service\node_modules\pg-protocol\src\index.ts:7:48)
    at Socket.emit (node:events:524:28)
    at addChunk (node:internal/streams/readable:561:12)
    at readableAddChunkPushByteMode (node:internal/streams/readable:512:3)
2026-03-01 15:05:34 [RESEARCH-SERVICE] [error]: ❌ Unable to start server: password authentication failed for user "postgres" {"name":"SequelizeConnectionError","parent":{"length":104,"name":"error","severity":"FATAL","code":"28P01","file":"auth.c","line":"320","routine":"auth_failed"},"original":{"length":104,"name":"error","severity":"FATAL","code":"28P01","file":"auth.c","line":"320","routine":"auth_failed"}}
SequelizeConnectionError: password authentication failed for user "postgres"
    at Client._connectionCallback (E:\Academic\Semester_7\CO528\Mini Project\decp-platform\backend\research-service\node_modules\sequelize\src\dialects\postgres\connection-manager.js:196:24)
    at Client._handleErrorWhileConnecting (E:\Academic\Semester_7\CO528\Mini Project\decp-platform\backend\research-service\node_modules\pg\lib\client.js:379:19)
    at Client._handleErrorMessage (E:\Academic\Semester_7\CO528\Mini Project\decp-platform\backend\research-service\node_modules\pg\lib\client.js:399:19)
    at Connection.emit (node:events:524:28)
    at E:\Academic\Semester_7\CO528\Mini Project\decp-platform\backend\research-service\node_modules\pg\lib\connection.js:115:12
    at Parser.parse (E:\Academic\Semester_7\CO528\Mini Project\decp-platform\backend\research-service\node_modules\pg-protocol\src\parser.ts:106:9)
    at Socket.<anonymous> (E:\Academic\Semester_7\CO528\Mini Project\decp-platform\backend\research-service\node_modules\pg-protocol\src\index.ts:7:48)
    at Socket.emit (node:events:524:28)
    at addChunk (node:internal/streams/readable:561:12)
    at readableAddChunkPushByteMode (node:internal/streams/readable:512:3)
2026-03-01 15:14:30 [RESEARCH-SERVICE] [error]: ❌ Unable to start server: password authentication failed for user "postgres" {"name":"SequelizeConnectionError","parent":{"length":104,"name":"error","severity":"FATAL","code":"28P01","file":"auth.c","line":"320","routine":"auth_failed"},"original":{"length":104,"name":"error","severity":"FATAL","code":"28P01","file":"auth.c","line":"320","routine":"auth_failed"}}
SequelizeConnectionError: password authentication failed for user "postgres"
    at Client._connectionCallback (E:\Academic\Semester_7\CO528\Mini Project\decp-platform\backend\research-service\node_modules\sequelize\src\dialects\postgres\connection-manager.js:196:24)
    at Client._handleErrorWhileConnecting (E:\Academic\Semester_7\CO528\Mini Project\decp-platform\backend\research-service\node_modules\pg\lib\client.js:379:19)
    at Client._handleErrorMessage (E:\Academic\Semester_7\CO528\Mini Project\decp-platform\backend\research-service\node_modules\pg\lib\client.js:399:19)
    at Connection.emit (node:events:524:28)
    at E:\Academic\Semester_7\CO528\Mini Project\decp-platform\backend\research-service\node_modules\pg\lib\connection.js:115:12
    at Parser.parse (E:\Academic\Semester_7\CO528\Mini Project\decp-platform\backend\research-service\node_modules\pg-protocol\src\parser.ts:106:9)
    at Socket.<anonymous> (E:\Academic\Semester_7\CO528\Mini Project\decp-platform\backend\research-service\node_modules\pg-protocol\src\index.ts:7:48)
    at Socket.emit (node:events:524:28)
    at addChunk (node:internal/streams/readable:561:12)
    at readableAddChunkPushByteMode (node:internal/streams/readable:512:3)
2026-03-01 15:18:21 [RESEARCH-SERVICE] [error]: ❌ Unable to start server: password authentication failed for user "postgres" {"name":"SequelizeConnectionError","parent":{"length":104,"name":"error","severity":"FATAL","code":"28P01","file":"auth.c","line":"320","routine":"auth_failed"},"original":{"length":104,"name":"error","severity":"FATAL","code":"28P01","file":"auth.c","line":"320","routine":"auth_failed"}}
SequelizeConnectionError: password authentication failed for user "postgres"
    at Client._connectionCallback (E:\Academic\Semester_7\CO528\Mini Project\decp-platform\backend\research-service\node_modules\sequelize\src\dialects\postgres\connection-manager.js:196:24)
    at Client._handleErrorWhileConnecting (E:\Academic\Semester_7\CO528\Mini Project\decp-platform\backend\research-service\node_modules\pg\lib\client.js:379:19)
    at Client._handleErrorMessage (E:\Academic\Semester_7\CO528\Mini Project\decp-platform\backend\research-service\node_modules\pg\lib\client.js:399:19)
    at Connection.emit (node:events:524:28)
    at E:\Academic\Semester_7\CO528\Mini Project\decp-platform\backend\research-service\node_modules\pg\lib\connection.js:115:12
    at Parser.parse (E:\Academic\Semester_7\CO528\Mini Project\decp-platform\backend\research-service\node_modules\pg-protocol\src\parser.ts:106:9)
    at Socket.<anonymous> (E:\Academic\Semester_7\CO528\Mini Project\decp-platform\backend\research-service\node_modules\pg-protocol\src\index.ts:7:48)
    at Socket.emit (node:events:524:28)
    at addChunk (node:internal/streams/readable:561:12)
    at readableAddChunkPushByteMode (node:internal/streams/readable:512:3)
2026-03-01 15:22:12 [RESEARCH-SERVICE] [error]: ❌ Unable to start server: password authentication failed for user "postgres" {"name":"SequelizeConnectionError","parent":{"length":104,"name":"error","severity":"FATAL","code":"28P01","file":"auth.c","line":"320","routine":"auth_failed"},"original":{"length":104,"name":"error","severity":"FATAL","code":"28P01","file":"auth.c","line":"320","routine":"auth_failed"}}
SequelizeConnectionError: password authentication failed for user "postgres"
    at Client._connectionCallback (E:\Academic\Semester_7\CO528\Mini Project\decp-platform\backend\research-service\node_modules\sequelize\src\dialects\postgres\connection-manager.js:196:24)
    at Client._handleErrorWhileConnecting (E:\Academic\Semester_7\CO528\Mini Project\decp-platform\backend\research-service\node_modules\pg\lib\client.js:379:19)
    at Client._handleErrorMessage (E:\Academic\Semester_7\CO528\Mini Project\decp-platform\backend\research-service\node_modules\pg\lib\client.js:399:19)
    at Connection.emit (node:events:524:28)
    at E:\Academic\Semester_7\CO528\Mini Project\decp-platform\backend\research-service\node_modules\pg\lib\connection.js:115:12
    at Parser.parse (E:\Academic\Semester_7\CO528\Mini Project\decp-platform\backend\research-service\node_modules\pg-protocol\src\parser.ts:106:9)
    at Socket.<anonymous> (E:\Academic\Semester_7\CO528\Mini Project\decp-platform\backend\research-service\node_modules\pg-protocol\src\index.ts:7:48)
    at Socket.emit (node:events:524:28)
    at addChunk (node:internal/streams/readable:561:12)
    at readableAddChunkPushByteMode (node:internal/streams/readable:512:3)
2026-03-01 15:28:14 [RESEARCH-SERVICE] [error]: ❌ Unable to start server: password authentication failed for user "postgres" {"name":"SequelizeConnectionError","parent":{"length":104,"name":"error","severity":"FATAL","code":"28P01","file":"auth.c","line":"320","routine":"auth_failed"},"original":{"length":104,"name":"error","severity":"FATAL","code":"28P01","file":"auth.c","line":"320","routine":"auth_failed"}}
SequelizeConnectionError: password authentication failed for user "postgres"
    at Client._connectionCallback (E:\Academic\Semester_7\CO528\Mini Project\decp-platform\backend\research-service\node_modules\sequelize\src\dialects\postgres\connection-manager.js:196:24)
    at Client._handleErrorWhileConnecting (E:\Academic\Semester_7\CO528\Mini Project\decp-platform\backend\research-service\node_modules\pg\lib\client.js:379:19)
    at Client._handleErrorMessage (E:\Academic\Semester_7\CO528\Mini Project\decp-platform\backend\research-service\node_modules\pg\lib\client.js:399:19)
    at Connection.emit (node:events:524:28)
    at E:\Academic\Semester_7\CO528\Mini Project\decp-platform\backend\research-service\node_modules\pg\lib\connection.js:115:12
    at Parser.parse (E:\Academic\Semester_7\CO528\Mini Project\decp-platform\backend\research-service\node_modules\pg-protocol\src\parser.ts:106:9)
    at Socket.<anonymous> (E:\Academic\Semester_7\CO528\Mini Project\decp-platform\backend\research-service\node_modules\pg-protocol\src\index.ts:7:48)
    at Socket.emit (node:events:524:28)
    at addChunk (node:internal/streams/readable:561:12)
    at readableAddChunkPushByteMode (node:internal/streams/readable:512:3)
2026-03-01 15:33:17 [RESEARCH-SERVICE] [error]: ❌ Unable to start server: password authentication failed for user "postgres" {"name":"SequelizeConnectionError","parent":{"length":104,"name":"error","severity":"FATAL","code":"28P01","file":"auth.c","line":"320","routine":"auth_failed"},"original":{"length":104,"name":"error","severity":"FATAL","code":"28P01","file":"auth.c","line":"320","routine":"auth_failed"}}
SequelizeConnectionError: password authentication failed for user "postgres"
    at Client._connectionCallback (E:\Academic\Semester_7\CO528\Mini Project\decp-platform\backend\research-service\node_modules\sequelize\src\dialects\postgres\connection-manager.js:196:24)
    at Client._handleErrorWhileConnecting (E:\Academic\Semester_7\CO528\Mini Project\decp-platform\backend\research-service\node_modules\pg\lib\client.js:379:19)
    at Client._handleErrorMessage (E:\Academic\Semester_7\CO528\Mini Project\decp-platform\backend\research-service\node_modules\pg\lib\client.js:399:19)
    at Connection.emit (node:events:524:28)
    at E:\Academic\Semester_7\CO528\Mini Project\decp-platform\backend\research-service\node_modules\pg\lib\connection.js:115:12
    at Parser.parse (E:\Academic\Semester_7\CO528\Mini Project\decp-platform\backend\research-service\node_modules\pg-protocol\src\parser.ts:106:9)
    at Socket.<anonymous> (E:\Academic\Semester_7\CO528\Mini Project\decp-platform\backend\research-service\node_modules\pg-protocol\src\index.ts:7:48)
    at Socket.emit (node:events:524:28)
    at addChunk (node:internal/streams/readable:561:12)
    at readableAddChunkPushByteMode (node:internal/streams/readable:512:3)
2026-03-01 15:36:18 [RESEARCH-SERVICE] [error]: ❌ Unable to start server: password authentication failed for user "postgres" {"name":"SequelizeConnectionError","parent":{"length":104,"name":"error","severity":"FATAL","code":"28P01","file":"auth.c","line":"320","routine":"auth_failed"},"original":{"length":104,"name":"error","severity":"FATAL","code":"28P01","file":"auth.c","line":"320","routine":"auth_failed"}}
SequelizeConnectionError: password authentication failed for user "postgres"
    at Client._connectionCallback (E:\Academic\Semester_7\CO528\Mini Project\decp-platform\backend\research-service\node_modules\sequelize\src\dialects\postgres\connection-manager.js:196:24)
    at Client._handleErrorWhileConnecting (E:\Academic\Semester_7\CO528\Mini Project\decp-platform\backend\research-service\node_modules\pg\lib\client.js:379:19)
    at Client._handleErrorMessage (E:\Academic\Semester_7\CO528\Mini Project\decp-platform\backend\research-service\node_modules\pg\lib\client.js:399:19)
    at Connection.emit (node:events:524:28)
    at E:\Academic\Semester_7\CO528\Mini Project\decp-platform\backend\research-service\node_modules\pg\lib\connection.js:115:12
    at Parser.parse (E:\Academic\Semester_7\CO528\Mini Project\decp-platform\backend\research-service\node_modules\pg-protocol\src\parser.ts:106:9)
    at Socket.<anonymous> (E:\Academic\Semester_7\CO528\Mini Project\decp-platform\backend\research-service\node_modules\pg-protocol\src\index.ts:7:48)
    at Socket.emit (node:events:524:28)
    at addChunk (node:internal/streams/readable:561:12)
    at readableAddChunkPushByteMode (node:internal/streams/readable:512:3)
2026-03-01 15:51:49 [RESEARCH-SERVICE] [error]: ❌ Unable to start server: database "decp_research" does not exist {"name":"SequelizeConnectionError","parent":{"length":99,"name":"error","severity":"FATAL","code":"3D000","file":"postinit.c","line":"1016","routine":"InitPostgres"},"original":{"length":99,"name":"error","severity":"FATAL","code":"3D000","file":"postinit.c","line":"1016","routine":"InitPostgres"}}
SequelizeConnectionError: database "decp_research" does not exist
    at Client._connectionCallback (E:\Academic\Semester_7\CO528\Mini Project\decp-platform\backend\research-service\node_modules\sequelize\src\dialects\postgres\connection-manager.js:196:24)
    at Client._handleErrorWhileConnecting (E:\Academic\Semester_7\CO528\Mini Project\decp-platform\backend\research-service\node_modules\pg\lib\client.js:379:19)
    at Client._handleErrorMessage (E:\Academic\Semester_7\CO528\Mini Project\decp-platform\backend\research-service\node_modules\pg\lib\client.js:399:19)
    at Connection.emit (node:events:524:28)
    at E:\Academic\Semester_7\CO528\Mini Project\decp-platform\backend\research-service\node_modules\pg\lib\connection.js:115:12
    at Parser.parse (E:\Academic\Semester_7\CO528\Mini Project\decp-platform\backend\research-service\node_modules\pg-protocol\src\parser.ts:106:9)
    at Socket.<anonymous> (E:\Academic\Semester_7\CO528\Mini Project\decp-platform\backend\research-service\node_modules\pg-protocol\src\index.ts:7:48)
    at Socket.emit (node:events:524:28)
    at addChunk (node:internal/streams/readable:561:12)
    at readableAddChunkPushByteMode (node:internal/streams/readable:512:3)
2026-03-01 16:02:01 [RESEARCH-SERVICE] [error]: ❌ Unable to start server: database "decp_research" does not exist {"name":"SequelizeConnectionError","parent":{"length":99,"name":"error","severity":"FATAL","code":"3D000","file":"postinit.c","line":"1016","routine":"InitPostgres"},"original":{"length":99,"name":"error","severity":"FATAL","code":"3D000","file":"postinit.c","line":"1016","routine":"InitPostgres"}}
SequelizeConnectionError: database "decp_research" does not exist
    at Client._connectionCallback (E:\Academic\Semester_7\CO528\Mini Project\decp-platform\backend\research-service\node_modules\sequelize\src\dialects\postgres\connection-manager.js:196:24)
    at Client._handleErrorWhileConnecting (E:\Academic\Semester_7\CO528\Mini Project\decp-platform\backend\research-service\node_modules\pg\lib\client.js:379:19)
    at Client._handleErrorMessage (E:\Academic\Semester_7\CO528\Mini Project\decp-platform\backend\research-service\node_modules\pg\lib\client.js:399:19)
    at Connection.emit (node:events:524:28)
    at E:\Academic\Semester_7\CO528\Mini Project\decp-platform\backend\research-service\node_modules\pg\lib\connection.js:115:12
    at Parser.parse (E:\Academic\Semester_7\CO528\Mini Project\decp-platform\backend\research-service\node_modules\pg-protocol\src\parser.ts:106:9)
    at Socket.<anonymous> (E:\Academic\Semester_7\CO528\Mini Project\decp-platform\backend\research-service\node_modules\pg-protocol\src\index.ts:7:48)
    at Socket.emit (node:events:524:28)
    at addChunk (node:internal/streams/readable:561:12)
    at readableAddChunkPushByteMode (node:internal/streams/readable:512:3)
2026-03-01 16:08:58 [RESEARCH-SERVICE] [error]: ❌ Unable to start server: connect ETIMEDOUT 172.17.0.2:5432 {"name":"SequelizeConnectionError","parent":{"errno":-4039,"code":"ETIMEDOUT","syscall":"connect","address":"172.17.0.2","port":5432},"original":{"errno":-4039,"code":"ETIMEDOUT","syscall":"connect","address":"172.17.0.2","port":5432}}
SequelizeConnectionError: connect ETIMEDOUT 172.17.0.2:5432
    at Client._connectionCallback (E:\Academic\Semester_7\CO528\Mini Project\decp-platform\backend\research-service\node_modules\sequelize\src\dialects\postgres\connection-manager.js:196:24)
    at Client._handleErrorWhileConnecting (E:\Academic\Semester_7\CO528\Mini Project\decp-platform\backend\research-service\node_modules\pg\lib\client.js:379:19)
    at Client._handleErrorEvent (E:\Academic\Semester_7\CO528\Mini Project\decp-platform\backend\research-service\node_modules\pg\lib\client.js:389:19)
    at Connection.emit (node:events:524:28)
    at Socket.reportStreamError (E:\Academic\Semester_7\CO528\Mini Project\decp-platform\backend\research-service\node_modules\pg\lib\connection.js:56:12)
    at Socket.emit (node:events:524:28)
    at emitErrorNT (node:internal/streams/destroy:170:8)
    at emitErrorCloseNT (node:internal/streams/destroy:129:3)
    at processTicksAndRejections (node:internal/process/task_queues:90:21)
2026-03-01 16:21:26 [RESEARCH-SERVICE] [info]: ✅ Database connected.
2026-03-01 16:21:26 [RESEARCH-SERVICE] [info]: ✅ Database synchronized.
2026-03-01 16:21:26 [RESEARCH-SERVICE] [info]: 🔬 Research Service running on port 3006
2026-03-01 16:49:02 [RESEARCH-SERVICE] [info]: ✅ Database connected.
2026-03-01 16:49:02 [RESEARCH-SERVICE] [info]: ✅ Database synchronized.
2026-03-01 16:51:06 [RESEARCH-SERVICE] [info]: ✅ Database connected.
2026-03-01 16:51:06 [RESEARCH-SERVICE] [info]: ✅ Database synchronized.
2026-03-01 16:51:06 [RESEARCH-SERVICE] [info]: 🔬 Research Service running on port 3006
2026-03-01 16:59:45 [RESEARCH-SERVICE] [info]: ✅ Database connected.
2026-03-01 16:59:45 [RESEARCH-SERVICE] [info]: ✅ Database synchronized.
2026-03-01 16:59:45 [RESEARCH-SERVICE] [info]: 🔬 Research Service running on port 3006
2026-03-01 17:31:39 [RESEARCH-SERVICE] [info]: ✅ Database connected.
2026-03-01 17:31:39 [RESEARCH-SERVICE] [info]: ✅ Database synchronized.
2026-03-01 17:31:39 [RESEARCH-SERVICE] [info]: 🔬 Research Service running on port 3006
2026-03-01 17:31:51 [RESEARCH-SERVICE] [error]: Get project error: invalid input syntax for type uuid: "research" {"name":"SequelizeDatabaseError","parent":{"length":108,"name":"error","severity":"ERROR","code":"22P02","position":"258","file":"uuid.c","line":"133","routine":"string_to_uuid","sql":"SELECT \"id\", \"title\", \"abstract\", \"description\", \"status\", \"startDate\", \"endDate\", \"leadResearcherId\", \"collaborators\", \"tags\", \"visibility\", \"documents\", \"createdAt\", \"updatedAt\" FROM \"research_projects\" AS \"ResearchProject\" WHERE \"ResearchProject\".\"id\" = 'research';"},"original":{"length":108,"name":"error","severity":"ERROR","code":"22P02","position":"258","file":"uuid.c","line":"133","routine":"string_to_uuid","sql":"SELECT \"id\", \"title\", \"abstract\", \"description\", \"status\", \"startDate\", \"endDate\", \"leadResearcherId\", \"collaborators\", \"tags\", \"visibility\", \"documents\", \"createdAt\", \"updatedAt\" FROM \"research_projects\" AS \"ResearchProject\" WHERE \"ResearchProject\".\"id\" = 'research';"},"sql":"SELECT \"id\", \"title\", \"abstract\", \"description\", \"status\", \"startDate\", \"endDate\", \"leadResearcherId\", \"collaborators\", \"tags\", \"visibility\", \"documents\", \"createdAt\", \"updatedAt\" FROM \"research_projects\" AS \"ResearchProject\" WHERE \"ResearchProject\".\"id\" = 'research';","parameters":{}}
Error: 
    at Query.run (E:\Academic\Semester_7\CO528\Mini Project\decp-platform\backend\research-service\node_modules\sequelize\src\dialects\postgres\query.js:76:25)
    at E:\Academic\Semester_7\CO528\Mini Project\decp-platform\backend\research-service\node_modules\sequelize\src\sequelize.js:650:28
    at processTicksAndRejections (node:internal/process/task_queues:105:5)
    at PostgresQueryInterface.select (E:\Academic\Semester_7\CO528\Mini Project\decp-platform\backend\research-service\node_modules\sequelize\src\dialects\abstract\query-interface.js:1001:12)
    at Function.findAll (E:\Academic\Semester_7\CO528\Mini Project\decp-platform\backend\research-service\node_modules\sequelize\src\model.js:1824:21)
    at Function.findOne (E:\Academic\Semester_7\CO528\Mini Project\decp-platform\backend\research-service\node_modules\sequelize\src\model.js:1998:12)
    at Function.findByPk (E:\Academic\Semester_7\CO528\Mini Project\decp-platform\backend\research-service\node_modules\sequelize\src\model.js:1955:12)
    at getProject (E:\Academic\Semester_7\CO528\Mini Project\decp-platform\backend\research-service\src\controllers\researchController.ts:56:21)
2026-03-01 17:45:10 [RESEARCH-SERVICE] [info]: ✅ Database connected.
2026-03-01 17:45:10 [RESEARCH-SERVICE] [info]: ✅ Database synchronized.
2026-03-01 17:45:10 [RESEARCH-SERVICE] [info]: 🔬 Research Service running on port 3006
2026-03-01 18:18:26 [RESEARCH-SERVICE] [info]: ✅ Database connected.
2026-03-01 18:18:26 [RESEARCH-SERVICE] [info]: ✅ Database synchronized.
2026-03-01 18:18:26 [RESEARCH-SERVICE] [info]: 🔬 Research Service running on port 3006
2026-03-01 18:45:45 [RESEARCH-SERVICE] [info]: ✅ Database connected.
2026-03-01 18:45:45 [RESEARCH-SERVICE] [info]: ✅ Database synchronized.
2026-03-01 18:45:45 [RESEARCH-SERVICE] [info]: 🔬 Research Service running on port 3006
2026-03-01 18:56:45 [RESEARCH-SERVICE] [error]: ❌ Unable to start server: {"name":"SequelizeConnectionRefusedError","parent":{"code":"ECONNREFUSED"},"original":{"code":"ECONNREFUSED"}}
SequelizeConnectionRefusedError: 
    at Client._connectionCallback (E:\Academic\Semester_7\CO528\Mini Project\decp-platform\backend\research-service\node_modules\sequelize\src\dialects\postgres\connection-manager.js:184:24)
    at Client._handleErrorWhileConnecting (E:\Academic\Semester_7\CO528\Mini Project\decp-platform\backend\research-service\node_modules\pg\lib\client.js:379:19)
    at Client._handleErrorEvent (E:\Academic\Semester_7\CO528\Mini Project\decp-platform\backend\research-service\node_modules\pg\lib\client.js:389:19)
    at Connection.emit (node:events:524:28)
    at Socket.reportStreamError (E:\Academic\Semester_7\CO528\Mini Project\decp-platform\backend\research-service\node_modules\pg\lib\connection.js:56:12)
    at Socket.emit (node:events:524:28)
    at emitErrorNT (node:internal/streams/destroy:170:8)
    at emitErrorCloseNT (node:internal/streams/destroy:129:3)
    at processTicksAndRejections (node:internal/process/task_queues:90:21)
2026-03-01 18:59:01 [RESEARCH-SERVICE] [error]: ❌ Unable to start server: {"name":"SequelizeConnectionRefusedError","parent":{"code":"ECONNREFUSED"},"original":{"code":"ECONNREFUSED"}}
SequelizeConnectionRefusedError: 
    at Client._connectionCallback (E:\Academic\Semester_7\CO528\Mini Project\decp-platform\backend\research-service\node_modules\sequelize\src\dialects\postgres\connection-manager.js:184:24)
    at Client._handleErrorWhileConnecting (E:\Academic\Semester_7\CO528\Mini Project\decp-platform\backend\research-service\node_modules\pg\lib\client.js:379:19)
    at Client._handleErrorEvent (E:\Academic\Semester_7\CO528\Mini Project\decp-platform\backend\research-service\node_modules\pg\lib\client.js:389:19)
    at Connection.emit (node:events:524:28)
    at Socket.reportStreamError (E:\Academic\Semester_7\CO528\Mini Project\decp-platform\backend\research-service\node_modules\pg\lib\connection.js:56:12)
    at Socket.emit (node:events:524:28)
    at emitErrorNT (node:internal/streams/destroy:170:8)
    at emitErrorCloseNT (node:internal/streams/destroy:129:3)
    at processTicksAndRejections (node:internal/process/task_queues:90:21)
2026-03-01 19:03:25 [RESEARCH-SERVICE] [error]: ❌ Unable to start server: {"name":"SequelizeConnectionRefusedError","parent":{"code":"ECONNREFUSED"},"original":{"code":"ECONNREFUSED"}}
SequelizeConnectionRefusedError: 
    at Client._connectionCallback (e:\Academic\Semester_7\CO528\Mini Project\decp-platform\backend\research-service\node_modules\sequelize\src\dialects\postgres\connection-manager.js:184:24)
    at Client._handleErrorWhileConnecting (e:\Academic\Semester_7\CO528\Mini Project\decp-platform\backend\research-service\node_modules\pg\lib\client.js:379:19)
    at Client._handleErrorEvent (e:\Academic\Semester_7\CO528\Mini Project\decp-platform\backend\research-service\node_modules\pg\lib\client.js:389:19)
    at Connection.emit (node:events:524:28)
    at Socket.reportStreamError (e:\Academic\Semester_7\CO528\Mini Project\decp-platform\backend\research-service\node_modules\pg\lib\connection.js:56:12)
    at Socket.emit (node:events:524:28)
    at emitErrorNT (node:internal/streams/destroy:170:8)
    at emitErrorCloseNT (node:internal/streams/destroy:129:3)
    at processTicksAndRejections (node:internal/process/task_queues:90:21)
2026-03-01 19:08:29 [RESEARCH-SERVICE] [info]: ✅ Database connected.
2026-03-01 19:08:29 [RESEARCH-SERVICE] [info]: ✅ Database connected.
2026-03-01 19:08:30 [RESEARCH-SERVICE] [info]: ✅ Database synchronized.
2026-03-01 19:08:30 [RESEARCH-SERVICE] [info]: 🔬 Research Service running on port 3006
2026-03-01 19:08:30 [RESEARCH-SERVICE] [info]: ✅ Database synchronized.
2026-03-01 19:10:07 [RESEARCH-SERVICE] [info]: ✅ Database connected.
2026-03-01 19:10:07 [RESEARCH-SERVICE] [info]: ✅ Database synchronized.
2026-03-01 19:10:07 [RESEARCH-SERVICE] [info]: 🔬 Research Service running on port 3006
2026-03-01 19:47:19 [RESEARCH-SERVICE] [info]: ✅ Database connected.
2026-03-01 19:47:19 [RESEARCH-SERVICE] [info]: ✅ Database synchronized.
2026-03-01 19:49:06 [RESEARCH-SERVICE] [info]: ✅ Database connected.
2026-03-01 19:49:06 [RESEARCH-SERVICE] [info]: ✅ Database synchronized.
2026-03-01 19:49:06 [RESEARCH-SERVICE] [info]: 🔬 Research Service running on port 3006
2026-03-01 19:50:30 [RESEARCH-SERVICE] [info]: ✅ Database connected.
2026-03-01 19:50:30 [RESEARCH-SERVICE] [info]: ✅ Database synchronized.
2026-03-01 19:50:30 [RESEARCH-SERVICE] [info]: 🔬 Research Service running on port 3006
2026-03-01 19:54:30 [RESEARCH-SERVICE] [info]: ✅ Database connected.
2026-03-01 19:54:30 [RESEARCH-SERVICE] [info]: ✅ Database synchronized.
2026-03-01 19:54:30 [RESEARCH-SERVICE] [info]: 🔬 Research Service running on port 3006
2026-03-01 19:58:56 [RESEARCH-SERVICE] [info]: ✅ Database connected.
2026-03-01 19:58:56 [RESEARCH-SERVICE] [info]: ✅ Database synchronized.
2026-03-01 19:58:56 [RESEARCH-SERVICE] [info]: 🔬 Research Service running on port 3006
2026-03-01 20:24:29 [RESEARCH-SERVICE] [info]: ✅ Database connected.
2026-03-01 20:24:29 [RESEARCH-SERVICE] [info]: ✅ Database synchronized.
2026-03-01 20:24:29 [RESEARCH-SERVICE] [info]: 🔬 Research Service running on port 3006
2026-03-01 20:28:08 [RESEARCH-SERVICE] [info]: ✅ Database connected.
2026-03-01 20:28:08 [RESEARCH-SERVICE] [info]: ✅ Database synchronized.
2026-03-01 20:28:08 [RESEARCH-SERVICE] [info]: 🔬 Research Service running on port 3006
2026-03-01 20:36:25 [RESEARCH-SERVICE] [info]: ✅ Database connected.
2026-03-01 20:36:25 [RESEARCH-SERVICE] [info]: ✅ Database synchronized.
2026-03-01 20:36:25 [RESEARCH-SERVICE] [info]: 🔬 Research Service running on port 3006
2026-03-01 20:41:27 [RESEARCH-SERVICE] [info]: ✅ Database connected.
2026-03-01 20:41:27 [RESEARCH-SERVICE] [info]: ✅ Database synchronized.
2026-03-01 20:41:27 [RESEARCH-SERVICE] [info]: 🔬 Research Service running on port 3006
2026-03-01 20:54:25 [RESEARCH-SERVICE] [info]: ✅ Database connected.
2026-03-01 20:54:25 [RESEARCH-SERVICE] [info]: ✅ Database synchronized.
2026-03-01 20:54:25 [RESEARCH-SERVICE] [info]: 🔬 Research Service running on port 3006
2026-03-01 21:03:26 [RESEARCH-SERVICE] [info]: ✅ Database connected.
2026-03-01 21:03:26 [RESEARCH-SERVICE] [info]: ✅ Database synchronized.
2026-03-01 21:03:26 [RESEARCH-SERVICE] [info]: 🔬 Research Service running on port 3006
2026-03-01 21:09:59 [RESEARCH-SERVICE] [info]: ✅ Database connected.
2026-03-01 21:09:59 [RESEARCH-SERVICE] [info]: ✅ Database synchronized.
2026-03-01 21:09:59 [RESEARCH-SERVICE] [info]: 🔬 Research Service running on port 3006
2026-03-01 21:16:42 [RESEARCH-SERVICE] [info]: ✅ Database connected.
2026-03-01 21:16:43 [RESEARCH-SERVICE] [info]: ✅ Database synchronized.
2026-03-01 21:16:43 [RESEARCH-SERVICE] [info]: 🔬 Research Service running on port 3006
2026-03-01 21:30:06 [RESEARCH-SERVICE] [info]: ✅ Database connected.
2026-03-01 21:30:07 [RESEARCH-SERVICE] [info]: ✅ Database synchronized.
2026-03-01 21:30:07 [RESEARCH-SERVICE] [info]: 🔬 Research Service running on port 3006
2026-03-01 21:42:02 [RESEARCH-SERVICE] [info]: ✅ Database connected.
2026-03-01 21:42:02 [RESEARCH-SERVICE] [info]: ✅ Database synchronized.
2026-03-01 21:42:02 [RESEARCH-SERVICE] [info]: 🔬 Research Service running on port 3006
2026-03-02 21:33:15 [RESEARCH-SERVICE] [error]: ❌ Unable to start server: password authentication failed for user "postgres" {"name":"SequelizeConnectionError","parent":{"length":104,"name":"error","severity":"FATAL","code":"28P01","file":"auth.c","line":"320","routine":"auth_failed"},"original":{"length":104,"name":"error","severity":"FATAL","code":"28P01","file":"auth.c","line":"320","routine":"auth_failed"}}
SequelizeConnectionError: password authentication failed for user "postgres"
    at Client._connectionCallback (E:\Academic\Semester_7\CO528\Mini Project\decp-platform\backend\research-service\node_modules\sequelize\src\dialects\postgres\connection-manager.js:196:24)
    at Client._handleErrorWhileConnecting (E:\Academic\Semester_7\CO528\Mini Project\decp-platform\backend\research-service\node_modules\pg\lib\client.js:379:19)
    at Client._handleErrorMessage (E:\Academic\Semester_7\CO528\Mini Project\decp-platform\backend\research-service\node_modules\pg\lib\client.js:399:19)
    at Connection.emit (node:events:524:28)
    at E:\Academic\Semester_7\CO528\Mini Project\decp-platform\backend\research-service\node_modules\pg\lib\connection.js:115:12
    at Parser.parse (E:\Academic\Semester_7\CO528\Mini Project\decp-platform\backend\research-service\node_modules\pg-protocol\src\parser.ts:106:9)
    at Socket.<anonymous> (E:\Academic\Semester_7\CO528\Mini Project\decp-platform\backend\research-service\node_modules\pg-protocol\src\index.ts:7:48)
    at Socket.emit (node:events:524:28)
    at addChunk (node:internal/streams/readable:561:12)
    at readableAddChunkPushByteMode (node:internal/streams/readable:512:3)
2026-03-02 21:38:12 [RESEARCH-SERVICE] [error]: ❌ Unable to start server: database "decp_research" does not exist {"name":"SequelizeConnectionError","parent":{"length":99,"name":"error","severity":"FATAL","code":"3D000","file":"postinit.c","line":"1016","routine":"InitPostgres"},"original":{"length":99,"name":"error","severity":"FATAL","code":"3D000","file":"postinit.c","line":"1016","routine":"InitPostgres"}}
SequelizeConnectionError: database "decp_research" does not exist
    at Client._connectionCallback (E:\Academic\Semester_7\CO528\Mini Project\decp-platform\backend\research-service\node_modules\sequelize\src\dialects\postgres\connection-manager.js:196:24)
    at Client._handleErrorWhileConnecting (E:\Academic\Semester_7\CO528\Mini Project\decp-platform\backend\research-service\node_modules\pg\lib\client.js:379:19)
    at Client._handleErrorMessage (E:\Academic\Semester_7\CO528\Mini Project\decp-platform\backend\research-service\node_modules\pg\lib\client.js:399:19)
    at Connection.emit (node:events:524:28)
    at E:\Academic\Semester_7\CO528\Mini Project\decp-platform\backend\research-service\node_modules\pg\lib\connection.js:115:12
    at Parser.parse (E:\Academic\Semester_7\CO528\Mini Project\decp-platform\backend\research-service\node_modules\pg-protocol\src\parser.ts:106:9)
    at Socket.<anonymous> (E:\Academic\Semester_7\CO528\Mini Project\decp-platform\backend\research-service\node_modules\pg-protocol\src\index.ts:7:48)
    at Socket.emit (node:events:524:28)
    at addChunk (node:internal/streams/readable:561:12)
    at readableAddChunkPushByteMode (node:internal/streams/readable:512:3)
2026-03-02 21:40:17 [RESEARCH-SERVICE] [error]: ❌ Unable to start server: database "decp_research" does not exist {"name":"SequelizeConnectionError","parent":{"length":99,"name":"error","severity":"FATAL","code":"3D000","file":"postinit.c","line":"1016","routine":"InitPostgres"},"original":{"length":99,"name":"error","severity":"FATAL","code":"3D000","file":"postinit.c","line":"1016","routine":"InitPostgres"}}
SequelizeConnectionError: database "decp_research" does not exist
    at Client._connectionCallback (E:\Academic\Semester_7\CO528\Mini Project\decp-platform\backend\research-service\node_modules\sequelize\src\dialects\postgres\connection-manager.js:196:24)
    at Client._handleErrorWhileConnecting (E:\Academic\Semester_7\CO528\Mini Project\decp-platform\backend\research-service\node_modules\pg\lib\client.js:379:19)
    at Client._handleErrorMessage (E:\Academic\Semester_7\CO528\Mini Project\decp-platform\backend\research-service\node_modules\pg\lib\client.js:399:19)
    at Connection.emit (node:events:524:28)
    at E:\Academic\Semester_7\CO528\Mini Project\decp-platform\backend\research-service\node_modules\pg\lib\connection.js:115:12
    at Parser.parse (E:\Academic\Semester_7\CO528\Mini Project\decp-platform\backend\research-service\node_modules\pg-protocol\src\parser.ts:106:9)
    at Socket.<anonymous> (E:\Academic\Semester_7\CO528\Mini Project\decp-platform\backend\research-service\node_modules\pg-protocol\src\index.ts:7:48)
    at Socket.emit (node:events:524:28)
    at addChunk (node:internal/streams/readable:561:12)
    at readableAddChunkPushByteMode (node:internal/streams/readable:512:3)
2026-03-02 21:44:35 [RESEARCH-SERVICE] [error]: ❌ Unable to start server: database "decp_research" does not exist {"name":"SequelizeConnectionError","parent":{"length":99,"name":"error","severity":"FATAL","code":"3D000","file":"postinit.c","line":"1016","routine":"InitPostgres"},"original":{"length":99,"name":"error","severity":"FATAL","code":"3D000","file":"postinit.c","line":"1016","routine":"InitPostgres"}}
SequelizeConnectionError: database "decp_research" does not exist
    at Client._connectionCallback (E:\Academic\Semester_7\CO528\Mini Project\decp-platform\backend\research-service\node_modules\sequelize\src\dialects\postgres\connection-manager.js:196:24)
    at Client._handleErrorWhileConnecting (E:\Academic\Semester_7\CO528\Mini Project\decp-platform\backend\research-service\node_modules\pg\lib\client.js:379:19)
    at Client._handleErrorMessage (E:\Academic\Semester_7\CO528\Mini Project\decp-platform\backend\research-service\node_modules\pg\lib\client.js:399:19)
    at Connection.emit (node:events:524:28)
    at E:\Academic\Semester_7\CO528\Mini Project\decp-platform\backend\research-service\node_modules\pg\lib\connection.js:115:12
    at Parser.parse (E:\Academic\Semester_7\CO528\Mini Project\decp-platform\backend\research-service\node_modules\pg-protocol\src\parser.ts:106:9)
    at Socket.<anonymous> (E:\Academic\Semester_7\CO528\Mini Project\decp-platform\backend\research-service\node_modules\pg-protocol\src\index.ts:7:48)
    at Socket.emit (node:events:524:28)
    at addChunk (node:internal/streams/readable:561:12)
    at readableAddChunkPushByteMode (node:internal/streams/readable:512:3)
2026-03-02 22:08:17 [RESEARCH-SERVICE] [info]: ✅ Database connected.
2026-03-02 22:08:17 [RESEARCH-SERVICE] [info]: ✅ Database synchronized.
2026-03-02 22:08:17 [RESEARCH-SERVICE] [info]: 🔬 Research Service running on port 3006
2026-03-02 22:31:06 [RESEARCH-SERVICE] [info]: ✅ Database connected.
2026-03-02 22:31:07 [RESEARCH-SERVICE] [info]: ✅ Database synchronized.
2026-03-02 22:35:34 [RESEARCH-SERVICE] [info]: ✅ Database connected.
2026-03-02 22:35:34 [RESEARCH-SERVICE] [info]: ✅ Database synchronized.
2026-03-02 22:35:34 [RESEARCH-SERVICE] [info]: 🔬 Research Service running on port 3006
2026-03-02 22:44:11 [RESEARCH-SERVICE] [info]: ✅ Database connected.
2026-03-02 22:44:11 [RESEARCH-SERVICE] [info]: ✅ Database synchronized.
2026-03-02 22:44:11 [RESEARCH-SERVICE] [info]: 🔬 Research Service running on port 3006
2026-03-02 22:54:36 [RESEARCH-SERVICE] [info]: ✅ Database connected.
2026-03-02 22:54:36 [RESEARCH-SERVICE] [info]: ✅ Database synchronized.
2026-03-02 22:54:36 [RESEARCH-SERVICE] [info]: 🔬 Research Service running on port 3006
2026-03-02 23:36:19 [RESEARCH-SERVICE] [info]: ✅ Database connected.
2026-03-02 23:36:19 [RESEARCH-SERVICE] [info]: ✅ Database synchronized.
2026-03-02 23:36:19 [RESEARCH-SERVICE] [info]: 🔬 Research Service running on port 3006
2026-03-02 23:41:39 [RESEARCH-SERVICE] [info]: ✅ Database connected.
2026-03-02 23:41:40 [RESEARCH-SERVICE] [info]: ✅ Database synchronized.
2026-03-02 23:41:40 [RESEARCH-SERVICE] [info]: 🔬 Research Service running on port 3006
2026-03-03 06:48:25 [RESEARCH-SERVICE] [info]: ✅ Database connected.
2026-03-03 06:48:25 [RESEARCH-SERVICE] [info]: ✅ Database synchronized.
2026-03-03 06:52:13 [RESEARCH-SERVICE] [info]: ✅ Database connected.
2026-03-03 06:52:13 [RESEARCH-SERVICE] [info]: ✅ Database synchronized.
2026-03-03 06:52:13 [RESEARCH-SERVICE] [info]: 🔬 Research Service running on port 3006
2026-03-03 07:05:18 [RESEARCH-SERVICE] [info]: ✅ Database connected.
2026-03-03 07:05:18 [RESEARCH-SERVICE] [info]: ✅ Database synchronized.
2026-03-03 07:05:18 [RESEARCH-SERVICE] [info]: 🔬 Research Service running on port 3006
2026-03-03 07:26:25 [RESEARCH-SERVICE] [info]: ✅ Database connected.
2026-03-03 07:26:25 [RESEARCH-SERVICE] [info]: ✅ Database synchronized.
2026-03-03 07:26:25 [RESEARCH-SERVICE] [info]: 🔬 Research Service running on port 3006
2026-03-03 07:40:12 [RESEARCH-SERVICE] [info]: ✅ Database connected.
2026-03-03 07:40:12 [RESEARCH-SERVICE] [info]: ✅ Database synchronized.
2026-03-03 07:40:12 [RESEARCH-SERVICE] [info]: 🔬 Research Service running on port 3006
2026-03-03 08:08:33 [RESEARCH-SERVICE] [info]: ✅ Database connected.
2026-03-03 08:08:33 [RESEARCH-SERVICE] [info]: ✅ Database synchronized.
2026-03-03 08:08:33 [RESEARCH-SERVICE] [info]: 🔬 Research Service running on port 3006
2026-03-03 22:13:05 [RESEARCH-SERVICE] [info]: ✅ Database connected.
2026-03-03 22:13:05 [RESEARCH-SERVICE] [info]: ✅ Database synchronized.
2026-03-03 22:13:05 [RESEARCH-SERVICE] [info]: 🔬 Research Service running on port 3006
2026-03-03 22:46:50 [RESEARCH-SERVICE] [info]: ✅ Database connected.
2026-03-03 22:46:50 [RESEARCH-SERVICE] [info]: ✅ Database synchronized.
2026-03-03 22:46:50 [RESEARCH-SERVICE] [info]: 🔬 Research Service running on port 3006
